[2025-10-15 15:20:28] Starting Phase 1 training: phase1_full_20251015_152023
[2025-10-15 15:20:28] Configuration: {
  "json_dir": "data_processed/phase1_full_20251015_152023",
  "spectral_dir": "data_processed/phase1_full_20251015_152023/spectral",
  "val_fraction": 0.1,
  "test_fraction": 0.1,
  "hidden_dim": 64,
  "num_layers": 2,
  "dropout": 0.3,
  "epochs": 100,
  "batch_size": 1,
  "lr": 0.0005,
  "weight_decay": 0.0001,
  "grad_clip": 0.5,
  "patience": 10,
  "exp_name": "phase1_full_20251015_152023",
  "log_dir": "experiments",
  "device": "mps",
  "seed": 42
}
[2025-10-15 15:20:28] Using device: mps
[2025-10-15 15:20:28] Loading datasets...
[2025-10-15 15:20:28] Found 1001 JSON files
[2025-10-15 15:20:28] Data split: 801 train, 100 val, 100 test
[2025-10-15 15:20:28] Dataset sizes: 1241 train samples, 135 val, 157 test
[2025-10-15 15:20:28] Input features dimension: 19
[2025-10-15 15:20:28] Model parameters: 5,505
[2025-10-15 15:20:28] 
================================================================================
[2025-10-15 15:20:28] Starting training...
[2025-10-15 15:20:28] ================================================================================

[2025-10-15 15:20:33] Epoch 1/100 | Batch 0/1241 | Loss: 3.3507
[2025-10-15 15:20:40] Epoch 1/100 | Batch 50/1241 | Loss: 4.6230
[2025-10-15 15:20:43] Epoch 1/100 | Batch 100/1241 | Loss: 3.4243
[2025-10-15 15:20:45] Epoch 1/100 | Batch 150/1241 | Loss: 3.5541
[2025-10-15 15:20:46] Epoch 1/100 | Batch 200/1241 | Loss: 2.3508
[2025-10-15 15:20:48] Epoch 1/100 | Batch 250/1241 | Loss: 2.7536
[2025-10-15 15:20:49] Epoch 1/100 | Batch 300/1241 | Loss: 3.1973
[2025-10-15 15:20:50] Epoch 1/100 | Batch 350/1241 | Loss: 3.1684
[2025-10-15 15:20:51] Epoch 1/100 | Batch 400/1241 | Loss: 2.2688
[2025-10-15 15:20:53] Epoch 1/100 | Batch 450/1241 | Loss: 4.0235
