[2025-10-15 15:01:48] Starting Phase 1 training: phase1_full_20251015_150144
[2025-10-15 15:01:48] Configuration: {
  "json_dir": "data_processed/phase1_full_20251015_150144",
  "spectral_dir": "data_processed/phase1_full_20251015_150144/spectral",
  "val_fraction": 0.1,
  "test_fraction": 0.1,
  "hidden_dim": 128,
  "num_layers": 2,
  "dropout": 0.1,
  "epochs": 100,
  "batch_size": 1,
  "lr": 0.001,
  "weight_decay": 1e-05,
  "grad_clip": 1.0,
  "patience": 15,
  "exp_name": "phase1_full_20251015_150144",
  "log_dir": "experiments",
  "device": "cuda",
  "seed": 42
}
[2025-10-15 15:01:48] Using device: cuda
[2025-10-15 15:01:48] Loading datasets...
[2025-10-15 15:01:48] Found 1001 JSON files
[2025-10-15 15:01:48] Data split: 801 train, 100 val, 100 test
[2025-10-15 15:01:48] Dataset sizes: 1279 train samples, 140 val, 152 test
[2025-10-15 15:01:48] Input features dimension: 19
