[2025-10-16 19:54:12] Using device: cpu
[2025-10-16 19:54:14] 
Epoch 1/50 completed in 1.3s
  Train Loss:    3.5791
  Train Hit@1:   0.0946
  Val Loss:      3.5535
  Val Hit@1:     0.0274
  Val Hit@3:     0.1096
  Val Hit@10:    0.4932
  Val MRR:       0.1397
  Overfit Gap:   0.0672

[2025-10-16 19:54:14] Saved best checkpoint (epoch 1)
[2025-10-16 19:54:15] 
Epoch 2/50 completed in 1.2s
  Train Loss:    3.4170
  Train Hit@1:   0.0643
  Val Loss:      3.4326
  Val Hit@1:     0.0274
  Val Hit@3:     0.1781
  Val Hit@10:    0.5479
  Val MRR:       0.1755
  Overfit Gap:   0.0369

[2025-10-16 19:54:16] 
Epoch 3/50 completed in 1.2s
  Train Loss:    3.3012
  Train Hit@1:   0.0857
  Val Loss:      3.4218
  Val Hit@1:     0.0274
  Val Hit@3:     0.1507
  Val Hit@10:    0.5205
  Val MRR:       0.1668
  Overfit Gap:   0.0583

[2025-10-16 19:54:17] 
Epoch 4/50 completed in 1.2s
  Train Loss:    3.1909
  Train Hit@1:   0.1107
  Val Loss:      3.3814
  Val Hit@1:     0.0274
  Val Hit@3:     0.0822
  Val Hit@10:    0.6164
  Val MRR:       0.1559
  Overfit Gap:   0.0833

[2025-10-16 19:54:18] 
Epoch 5/50 completed in 1.2s
  Train Loss:    3.1027
  Train Hit@1:   0.1339
  Val Loss:      3.4319
  Val Hit@1:     0.0137
  Val Hit@3:     0.0822
  Val Hit@10:    0.4795
  Val MRR:       0.1366
  Overfit Gap:   0.1202

[2025-10-16 19:54:20] 
Epoch 6/50 completed in 1.2s
  Train Loss:    3.0370
  Train Hit@1:   0.1643
  Val Loss:      3.3905
  Val Hit@1:     0.0274
  Val Hit@3:     0.1370
  Val Hit@10:    0.5479
  Val MRR:       0.1649
  Overfit Gap:   0.1369

[2025-10-16 19:54:21] 
Epoch 7/50 completed in 1.2s
  Train Loss:    2.9121
  Train Hit@1:   0.1786
  Val Loss:      3.4368
  Val Hit@1:     0.0411
  Val Hit@3:     0.1233
  Val Hit@10:    0.5890
  Val MRR:       0.1661
  Overfit Gap:   0.1375

[2025-10-16 19:54:21] Saved best checkpoint (epoch 7)
[2025-10-16 19:54:22] 
Epoch 8/50 completed in 1.2s
  Train Loss:    2.8819
  Train Hit@1:   0.2018
  Val Loss:      3.4106
  Val Hit@1:     0.0274
  Val Hit@3:     0.1370
  Val Hit@10:    0.6027
  Val MRR:       0.1632
  Overfit Gap:   0.1744

[2025-10-16 19:54:23] 
Epoch 9/50 completed in 1.4s
  Train Loss:    2.8297
  Train Hit@1:   0.2054
  Val Loss:      3.4831
  Val Hit@1:     0.0137
  Val Hit@3:     0.1370
  Val Hit@10:    0.5479
  Val MRR:       0.1574
  Overfit Gap:   0.1917

[2025-10-16 19:54:25] 
Epoch 10/50 completed in 1.3s
  Train Loss:    2.7582
  Train Hit@1:   0.2429
  Val Loss:      3.4475
  Val Hit@1:     0.0274
  Val Hit@3:     0.1918
  Val Hit@10:    0.6164
  Val MRR:       0.1774
  Overfit Gap:   0.2155

[2025-10-16 19:54:26] 
Epoch 11/50 completed in 1.2s
  Train Loss:    2.6866
  Train Hit@1:   0.2411
  Val Loss:      3.4882
  Val Hit@1:     0.0000
  Val Hit@3:     0.0822
  Val Hit@10:    0.6301
  Val MRR:       0.1507
  Overfit Gap:   0.2411

[2025-10-16 19:54:27] 
Epoch 12/50 completed in 1.2s
  Train Loss:    2.6759
  Train Hit@1:   0.2607
  Val Loss:      3.4801
  Val Hit@1:     0.0274
  Val Hit@3:     0.1644
  Val Hit@10:    0.5479
  Val MRR:       0.1762
  Overfit Gap:   0.2333

[2025-10-16 19:54:28] 
Epoch 13/50 completed in 1.2s
  Train Loss:    2.6181
  Train Hit@1:   0.2732
  Val Loss:      3.5351
  Val Hit@1:     0.0000
  Val Hit@3:     0.1370
  Val Hit@10:    0.6027
  Val MRR:       0.1471
  Overfit Gap:   0.2732

[2025-10-16 19:54:29] 
Epoch 14/50 completed in 1.2s
  Train Loss:    2.5478
  Train Hit@1:   0.2607
  Val Loss:      3.6159
  Val Hit@1:     0.0274
  Val Hit@3:     0.1507
  Val Hit@10:    0.5616
  Val MRR:       0.1635
  Overfit Gap:   0.2333

[2025-10-16 19:54:31] 
Epoch 15/50 completed in 1.2s
  Train Loss:    2.5139
  Train Hit@1:   0.2946
  Val Loss:      3.5893
  Val Hit@1:     0.0137
  Val Hit@3:     0.1370
  Val Hit@10:    0.5890
  Val MRR:       0.1595
  Overfit Gap:   0.2809

[2025-10-16 19:54:32] 
Epoch 16/50 completed in 1.2s
  Train Loss:    2.5067
  Train Hit@1:   0.3036
  Val Loss:      3.6067
  Val Hit@1:     0.0274
  Val Hit@3:     0.1370
  Val Hit@10:    0.6027
  Val MRR:       0.1616
  Overfit Gap:   0.2762

[2025-10-16 19:54:33] 
Epoch 17/50 completed in 1.2s
  Train Loss:    2.4285
  Train Hit@1:   0.3071
  Val Loss:      3.7146
  Val Hit@1:     0.0274
  Val Hit@3:     0.1233
  Val Hit@10:    0.5890
  Val MRR:       0.1626
  Overfit Gap:   0.2797

[2025-10-16 19:54:34] 
Epoch 18/50 completed in 1.2s
  Train Loss:    2.4649
  Train Hit@1:   0.3179
  Val Loss:      3.6578
  Val Hit@1:     0.0274
  Val Hit@3:     0.1507
  Val Hit@10:    0.5616
  Val MRR:       0.1670
  Overfit Gap:   0.2905

[2025-10-16 19:54:35] 
Epoch 19/50 completed in 1.2s
  Train Loss:    2.4176
  Train Hit@1:   0.3321
  Val Loss:      3.6772
  Val Hit@1:     0.0411
  Val Hit@3:     0.1370
  Val Hit@10:    0.6164
  Val MRR:       0.1740
  Overfit Gap:   0.2910

[2025-10-16 19:54:37] 
Epoch 20/50 completed in 1.4s
  Train Loss:    2.3652
  Train Hit@1:   0.3446
  Val Loss:      3.6577
  Val Hit@1:     0.0411
  Val Hit@3:     0.1370
  Val Hit@10:    0.5753
  Val MRR:       0.1729
  Overfit Gap:   0.3035

[2025-10-16 19:54:38] 
Epoch 21/50 completed in 1.4s
  Train Loss:    2.3689
  Train Hit@1:   0.3393
  Val Loss:      3.6910
  Val Hit@1:     0.0137
  Val Hit@3:     0.1370
  Val Hit@10:    0.5753
  Val MRR:       0.1576
  Overfit Gap:   0.3256

[2025-10-16 19:54:39] 
Epoch 22/50 completed in 1.2s
  Train Loss:    2.3487
  Train Hit@1:   0.3518
  Val Loss:      3.7301
  Val Hit@1:     0.0274
  Val Hit@3:     0.1233
  Val Hit@10:    0.6027
  Val MRR:       0.1643
  Overfit Gap:   0.3244

[2025-10-16 19:54:39] Early stopping triggered after 22 epochs
[2025-10-16 19:54:39] 
================================================================================
[2025-10-16 19:54:39] Running final test evaluation...
[2025-10-16 19:54:39] ================================================================================

[2025-10-16 19:54:39] 
FINAL TEST RESULTS:
  Test Loss:   3.7287
  Test Hit@1:  0.0625
  Test Hit@3:  0.1625
  Test Hit@10: 0.4250
  Test MRR:    0.1713
  Test Samples: 80

[2025-10-16 19:54:39] 
Training complete! Results saved to: experiments/phase1_standard_20251016_195408_20251016_195412
