[2025-10-15 15:17:11] Starting Phase 1 training: phase1_full_20251015_151706
[2025-10-15 15:17:11] Configuration: {
  "json_dir": "data_processed/phase1_full_20251015_151706",
  "spectral_dir": "data_processed/phase1_full_20251015_151706/spectral",
  "val_fraction": 0.1,
  "test_fraction": 0.1,
  "hidden_dim": 64,
  "num_layers": 2,
  "dropout": 0.3,
  "epochs": 100,
  "batch_size": 1,
  "lr": 0.0005,
  "weight_decay": 0.0001,
  "grad_clip": 0.5,
  "patience": 10,
  "exp_name": "phase1_full_20251015_151706",
  "log_dir": "experiments",
  "device": "cuda",
  "seed": 42
}
[2025-10-15 15:17:11] Using device: cuda
[2025-10-15 15:17:11] Loading datasets...
[2025-10-15 15:17:11] Found 1001 JSON files
[2025-10-15 15:17:11] Data split: 801 train, 100 val, 100 test
[2025-10-15 15:17:11] Dataset sizes: 1227 train samples, 145 val, 164 test
[2025-10-15 15:17:11] Input features dimension: 19
