[2025-10-15 16:00:02] Starting Phase 1 training: phase1_standard_20251015_155959
[2025-10-15 16:00:02] Configuration: {
  "json_dir": "data_processed/phase1_standard_20251015_155959",
  "spectral_dir": "data_processed/phase1_standard_20251015_155959/spectral",
  "val_fraction": 0.1,
  "test_fraction": 0.1,
  "hidden_dim": 128,
  "num_layers": 2,
  "dropout": 0.1,
  "epochs": 50,
  "batch_size": 128,
  "lr": 0.0005,
  "weight_decay": 0.0001,
  "grad_clip": 1.0,
  "patience": 20,
  "exp_name": "phase1_standard_20251015_155959",
  "log_dir": "experiments",
  "device": "mps",
  "seed": 42
}
[2025-10-15 16:00:02] Using device: mps
[2025-10-15 16:00:02] Loading datasets...
[2025-10-15 16:00:02] Found 451 JSON files
[2025-10-15 16:00:02] Data split: 361 train, 45 val, 45 test
[2025-10-15 16:00:02] Dataset sizes: 551 train samples, 55 val, 72 test
[2025-10-15 16:00:02] Input features dimension: 19
[2025-10-15 16:00:02] Model parameters: 19,201
[2025-10-15 16:00:02] 
================================================================================
[2025-10-15 16:00:02] Starting training...
[2025-10-15 16:00:02] ================================================================================

[2025-10-15 16:00:04] Epoch 1/50 | Batch 0/5 | Loss: 3.4717
[2025-10-15 16:00:14] 
Epoch 1/50 completed in 11.3s
  Train Loss:    3.4386
  Train Hit@1:   0.0762
  Val Loss:      3.3140
  Val Hit@1:     0.1091
  Val Hit@3:     0.1818
  Val Hit@10:    0.4182
  Val MRR:       0.2002
  Overfit Gap:   -0.0329

[2025-10-15 16:00:14] Saved best checkpoint (epoch 1)
[2025-10-15 16:00:14] Epoch 2/50 | Batch 0/5 | Loss: 3.3839
[2025-10-15 16:00:23] 
Epoch 2/50 completed in 9.3s
  Train Loss:    3.3901
  Train Hit@1:   0.0799
  Val Loss:      3.3058
  Val Hit@1:     0.1273
  Val Hit@3:     0.2000
  Val Hit@10:    0.4727
  Val MRR:       0.2243
  Overfit Gap:   -0.0474

[2025-10-15 16:00:23] Saved best checkpoint (epoch 2)
[2025-10-15 16:00:24] Epoch 3/50 | Batch 0/5 | Loss: 3.2940
[2025-10-15 16:00:32] 
Epoch 3/50 completed in 9.6s
  Train Loss:    3.3786
  Train Hit@1:   0.0817
  Val Loss:      3.2981
  Val Hit@1:     0.1273
  Val Hit@3:     0.2364
  Val Hit@10:    0.4545
  Val MRR:       0.2291
  Overfit Gap:   -0.0456

[2025-10-15 16:00:33] Epoch 4/50 | Batch 0/5 | Loss: 3.3512
[2025-10-15 16:00:42] 
Epoch 4/50 completed in 9.5s
  Train Loss:    3.3802
  Train Hit@1:   0.0799
  Val Loss:      3.2903
  Val Hit@1:     0.1273
  Val Hit@3:     0.2364
  Val Hit@10:    0.4545
  Val MRR:       0.2364
  Overfit Gap:   -0.0474

[2025-10-15 16:00:43] Epoch 5/50 | Batch 0/5 | Loss: 3.3391
[2025-10-15 16:00:50] 
Epoch 5/50 completed in 7.8s
  Train Loss:    3.3403
  Train Hit@1:   0.0799
  Val Loss:      3.2817
  Val Hit@1:     0.1091
  Val Hit@3:     0.2364
  Val Hit@10:    0.4909
  Val MRR:       0.2293
  Overfit Gap:   -0.0292

[2025-10-15 16:00:50] Epoch 6/50 | Batch 0/5 | Loss: 3.4150
