[2025-10-15 14:59:26] Starting Phase 1 training: phase1_quick_20251015_145924
[2025-10-15 14:59:26] Configuration: {
  "json_dir": "data_processed/phase1_quick_20251015_145924",
  "spectral_dir": "data_processed/phase1_quick_20251015_145924/spectral",
  "val_fraction": 0.1,
  "test_fraction": 0.1,
  "hidden_dim": 128,
  "num_layers": 2,
  "dropout": 0.1,
  "epochs": 10,
  "batch_size": 1,
  "lr": 0.001,
  "weight_decay": 1e-05,
  "grad_clip": 1.0,
  "patience": 15,
  "exp_name": "phase1_quick_20251015_145924",
  "log_dir": "experiments",
  "device": "cpu",
  "seed": 42
}
[2025-10-15 14:59:26] Using device: cpu
[2025-10-15 14:59:26] Loading datasets...
[2025-10-15 14:59:26] Found 52 JSON files
[2025-10-15 14:59:26] Data split: 42 train, 5 val, 5 test
[2025-10-15 14:59:26] Dataset sizes: 51 train samples, 7 val, 3 test
[2025-10-15 14:59:27] Input features dimension: 19
[2025-10-15 14:59:27] Model parameters: 19,201
[2025-10-15 14:59:27] 
================================================================================
[2025-10-15 14:59:27] Starting training...
[2025-10-15 14:59:27] ================================================================================

[2025-10-15 14:59:27] Epoch 1/10 | Batch 0/51 | Loss: 3.1863
[2025-10-15 14:59:27] Epoch 1/10 | Batch 50/51 | Loss: 2.5130
[2025-10-15 14:59:27] 
Epoch 1/10 completed in 0.2s
  Train Loss: 3.0435
  Val Loss:   3.6860
  Val Hit@1:  0.2857
  Val Hit@3:  0.2857
  Val Hit@10: 0.2857
  Val MRR:    0.3047

[2025-10-15 14:59:27] Saved best checkpoint (epoch 1)
[2025-10-15 14:59:27] Epoch 2/10 | Batch 0/51 | Loss: 3.4026
[2025-10-15 14:59:27] Epoch 2/10 | Batch 50/51 | Loss: 3.1456
[2025-10-15 14:59:27] 
Epoch 2/10 completed in 0.1s
  Train Loss: 2.9272
  Val Loss:   3.7302
  Val Hit@1:  0.2857
  Val Hit@3:  0.2857
  Val Hit@10: 0.2857
  Val MRR:    0.3061

[2025-10-15 14:59:27] Epoch 3/10 | Batch 0/51 | Loss: 3.2574
[2025-10-15 14:59:27] Epoch 3/10 | Batch 50/51 | Loss: 1.9738
[2025-10-15 14:59:27] 
Epoch 3/10 completed in 0.1s
  Train Loss: 2.7394
  Val Loss:   3.7063
  Val Hit@1:  0.1429
  Val Hit@3:  0.2857
  Val Hit@10: 0.2857
  Val MRR:    0.2414

[2025-10-15 14:59:27] Epoch 4/10 | Batch 0/51 | Loss: 1.7851
[2025-10-15 14:59:27] Epoch 4/10 | Batch 50/51 | Loss: 1.8251
[2025-10-15 14:59:27] 
Epoch 4/10 completed in 0.1s
  Train Loss: 2.6010
  Val Loss:   3.7587
  Val Hit@1:  0.1429
  Val Hit@3:  0.2857
  Val Hit@10: 0.4286
  Val MRR:    0.2475

[2025-10-15 14:59:27] Epoch 5/10 | Batch 0/51 | Loss: 1.8998
[2025-10-15 14:59:27] Epoch 5/10 | Batch 50/51 | Loss: 1.4424
[2025-10-15 14:59:27] 
Epoch 5/10 completed in 0.1s
  Train Loss: 2.4882
  Val Loss:   3.8159
  Val Hit@1:  0.1429
  Val Hit@3:  0.2857
  Val Hit@10: 0.4286
  Val MRR:    0.2280

[2025-10-15 14:59:27] Epoch 6/10 | Batch 0/51 | Loss: 1.4210
[2025-10-15 14:59:27] Epoch 6/10 | Batch 50/51 | Loss: 2.2964
[2025-10-15 14:59:27] 
Epoch 6/10 completed in 0.1s
  Train Loss: 2.2865
  Val Loss:   3.8661
  Val Hit@1:  0.1429
  Val Hit@3:  0.1429
  Val Hit@10: 0.4286
  Val MRR:    0.2240

[2025-10-15 14:59:27] Epoch 7/10 | Batch 0/51 | Loss: 2.6320
[2025-10-15 14:59:27] Epoch 7/10 | Batch 50/51 | Loss: 1.0985
[2025-10-15 14:59:27] 
Epoch 7/10 completed in 0.1s
  Train Loss: 2.1923
  Val Loss:   4.0441
  Val Hit@1:  0.1429
  Val Hit@3:  0.1429
  Val Hit@10: 0.4286
  Val MRR:    0.2276

[2025-10-15 14:59:27] Epoch 8/10 | Batch 0/51 | Loss: 2.4688
[2025-10-15 14:59:27] Epoch 8/10 | Batch 50/51 | Loss: 2.9790
[2025-10-15 14:59:27] 
Epoch 8/10 completed in 0.1s
  Train Loss: 2.1082
  Val Loss:   4.0508
  Val Hit@1:  0.1429
  Val Hit@3:  0.1429
  Val Hit@10: 0.4286
  Val MRR:    0.2294

[2025-10-15 14:59:27] Epoch 9/10 | Batch 0/51 | Loss: 1.5777
[2025-10-15 14:59:27] Epoch 9/10 | Batch 50/51 | Loss: 4.6233
[2025-10-15 14:59:27] 
Epoch 9/10 completed in 0.1s
  Train Loss: 2.0488
  Val Loss:   4.0872
  Val Hit@1:  0.0000
  Val Hit@3:  0.1429
  Val Hit@10: 0.4286
  Val MRR:    0.1589

[2025-10-15 14:59:27] Epoch 10/10 | Batch 0/51 | Loss: 3.4234
[2025-10-15 14:59:27] Epoch 10/10 | Batch 50/51 | Loss: 2.0655
[2025-10-15 14:59:27] 
Epoch 10/10 completed in 0.1s
  Train Loss: 2.1529
  Val Loss:   4.2030
  Val Hit@1:  0.0000
  Val Hit@3:  0.1429
  Val Hit@10: 0.4286
  Val MRR:    0.1519

[2025-10-15 14:59:27] 
================================================================================
[2025-10-15 14:59:27] Running final test evaluation...
[2025-10-15 14:59:27] ================================================================================

[2025-10-15 14:59:27] 
FINAL TEST RESULTS:
  Test Loss:   2.7869
  Test Hit@1:  0.0000
  Test Hit@3:  0.3333
  Test Hit@10: 0.3333
  Test MRR:    0.2192
  Test Samples: 3

[2025-10-15 14:59:27] 
Training complete! Results saved to: experiments/phase1_quick_20251015_145924
