[2025-10-15 15:00:19] Starting Phase 1 training: phase1_standard_20251015_150016
[2025-10-15 15:00:19] Configuration: {
  "json_dir": "data_processed/phase1_standard_20251015_150016",
  "spectral_dir": "data_processed/phase1_standard_20251015_150016/spectral",
  "val_fraction": 0.1,
  "test_fraction": 0.1,
  "hidden_dim": 128,
  "num_layers": 2,
  "dropout": 0.1,
  "epochs": 50,
  "batch_size": 1,
  "lr": 0.001,
  "weight_decay": 1e-05,
  "grad_clip": 1.0,
  "patience": 15,
  "exp_name": "phase1_standard_20251015_150016",
  "log_dir": "experiments",
  "device": "cpu",
  "seed": 42
}
[2025-10-15 15:00:19] Using device: cpu
[2025-10-15 15:00:19] Loading datasets...
[2025-10-15 15:00:19] Found 451 JSON files
[2025-10-15 15:00:19] Data split: 361 train, 45 val, 45 test
[2025-10-15 15:00:19] Dataset sizes: 546 train samples, 78 val, 79 test
[2025-10-15 15:00:19] Input features dimension: 19
[2025-10-15 15:00:19] Model parameters: 19,201
[2025-10-15 15:00:19] 
================================================================================
[2025-10-15 15:00:19] Starting training...
[2025-10-15 15:00:19] ================================================================================

[2025-10-15 15:00:19] Epoch 1/50 | Batch 0/546 | Loss: 4.3750
[2025-10-15 15:00:19] Epoch 1/50 | Batch 50/546 | Loss: 3.4446
[2025-10-15 15:00:19] Epoch 1/50 | Batch 100/546 | Loss: 3.1572
[2025-10-15 15:00:19] Epoch 1/50 | Batch 150/546 | Loss: 2.9992
[2025-10-15 15:00:19] Epoch 1/50 | Batch 200/546 | Loss: 3.2948
[2025-10-15 15:00:19] Epoch 1/50 | Batch 250/546 | Loss: 3.5150
[2025-10-15 15:00:20] Epoch 1/50 | Batch 300/546 | Loss: 3.3669
[2025-10-15 15:00:20] Epoch 1/50 | Batch 350/546 | Loss: 3.3674
[2025-10-15 15:00:20] Epoch 1/50 | Batch 400/546 | Loss: 2.9993
[2025-10-15 15:00:20] Epoch 1/50 | Batch 450/546 | Loss: 3.0059
[2025-10-15 15:00:20] Epoch 1/50 | Batch 500/546 | Loss: 3.5671
[2025-10-15 15:00:20] 
Epoch 1/50 completed in 1.0s
  Train Loss: 3.1628
  Val Loss:   3.0286
  Val Hit@1:  0.0513
  Val Hit@3:  0.2051
  Val Hit@10: 0.7821
  Val MRR:    0.2320

[2025-10-15 15:00:20] Saved best checkpoint (epoch 1)
[2025-10-15 15:00:20] Epoch 2/50 | Batch 0/546 | Loss: 1.7028
[2025-10-15 15:00:20] Epoch 2/50 | Batch 50/546 | Loss: 2.8930
[2025-10-15 15:00:20] Epoch 2/50 | Batch 100/546 | Loss: 3.5074
[2025-10-15 15:00:20] Epoch 2/50 | Batch 150/546 | Loss: 2.4293
[2025-10-15 15:00:20] Epoch 2/50 | Batch 200/546 | Loss: 5.0741
[2025-10-15 15:00:20] Epoch 2/50 | Batch 250/546 | Loss: 2.6104
[2025-10-15 15:00:21] Epoch 2/50 | Batch 300/546 | Loss: 2.9598
[2025-10-15 15:00:21] Epoch 2/50 | Batch 350/546 | Loss: 1.7247
[2025-10-15 15:00:21] Epoch 2/50 | Batch 400/546 | Loss: 2.0409
[2025-10-15 15:00:21] Epoch 2/50 | Batch 450/546 | Loss: 2.1486
[2025-10-15 15:00:21] Epoch 2/50 | Batch 500/546 | Loss: 2.9013
[2025-10-15 15:00:21] 
Epoch 2/50 completed in 0.9s
  Train Loss: 3.0207
  Val Loss:   2.8471
  Val Hit@1:  0.0769
  Val Hit@3:  0.2692
  Val Hit@10: 0.7949
  Val MRR:    0.2628

[2025-10-15 15:00:21] Saved best checkpoint (epoch 2)
[2025-10-15 15:00:21] Epoch 3/50 | Batch 0/546 | Loss: 3.5772
[2025-10-15 15:00:21] Epoch 3/50 | Batch 50/546 | Loss: 3.2208
[2025-10-15 15:00:21] Epoch 3/50 | Batch 100/546 | Loss: 3.2033
[2025-10-15 15:00:21] Epoch 3/50 | Batch 150/546 | Loss: 2.7841
[2025-10-15 15:00:21] Epoch 3/50 | Batch 200/546 | Loss: 2.8835
[2025-10-15 15:00:21] Epoch 3/50 | Batch 250/546 | Loss: 2.3141
[2025-10-15 15:00:21] Epoch 3/50 | Batch 300/546 | Loss: 2.4880
[2025-10-15 15:00:22] Epoch 3/50 | Batch 350/546 | Loss: 2.8011
[2025-10-15 15:00:22] Epoch 3/50 | Batch 400/546 | Loss: 1.9395
[2025-10-15 15:00:22] Epoch 3/50 | Batch 450/546 | Loss: 1.7135
[2025-10-15 15:00:22] Epoch 3/50 | Batch 500/546 | Loss: 3.8231
[2025-10-15 15:00:22] 
Epoch 3/50 completed in 1.0s
  Train Loss: 2.9396
  Val Loss:   2.8028
  Val Hit@1:  0.1154
  Val Hit@3:  0.2949
  Val Hit@10: 0.8077
  Val MRR:    0.2848

[2025-10-15 15:00:22] Saved best checkpoint (epoch 3)
[2025-10-15 15:00:22] Epoch 4/50 | Batch 0/546 | Loss: 4.3532
[2025-10-15 15:00:22] Epoch 4/50 | Batch 50/546 | Loss: 2.1528
[2025-10-15 15:00:22] Epoch 4/50 | Batch 100/546 | Loss: 1.8898
[2025-10-15 15:00:22] Epoch 4/50 | Batch 150/546 | Loss: 2.3374
[2025-10-15 15:00:22] Epoch 4/50 | Batch 200/546 | Loss: 3.4629
[2025-10-15 15:00:22] Epoch 4/50 | Batch 250/546 | Loss: 2.5188
[2025-10-15 15:00:22] Epoch 4/50 | Batch 300/546 | Loss: 1.9702
[2025-10-15 15:00:22] Epoch 4/50 | Batch 350/546 | Loss: 2.7499
[2025-10-15 15:00:23] Epoch 4/50 | Batch 400/546 | Loss: 2.4947
[2025-10-15 15:00:23] Epoch 4/50 | Batch 450/546 | Loss: 5.0389
[2025-10-15 15:00:23] Epoch 4/50 | Batch 500/546 | Loss: 3.0075
[2025-10-15 15:00:23] 
Epoch 4/50 completed in 0.9s
  Train Loss: 2.8794
  Val Loss:   2.7645
  Val Hit@1:  0.0769
  Val Hit@3:  0.2564
  Val Hit@10: 0.8462
  Val MRR:    0.2568

[2025-10-15 15:00:23] Epoch 5/50 | Batch 0/546 | Loss: 4.0264
[2025-10-15 15:00:23] Epoch 5/50 | Batch 50/546 | Loss: 2.4494
[2025-10-15 15:00:23] Epoch 5/50 | Batch 100/546 | Loss: 2.7793
[2025-10-15 15:00:23] Epoch 5/50 | Batch 150/546 | Loss: 3.3134
[2025-10-15 15:00:23] Epoch 5/50 | Batch 200/546 | Loss: 3.5106
[2025-10-15 15:00:23] Epoch 5/50 | Batch 250/546 | Loss: 5.5380
[2025-10-15 15:00:23] Epoch 5/50 | Batch 300/546 | Loss: 4.0882
[2025-10-15 15:00:23] Epoch 5/50 | Batch 350/546 | Loss: 4.1004
[2025-10-15 15:00:23] Epoch 5/50 | Batch 400/546 | Loss: 2.9009
[2025-10-15 15:00:24] Epoch 5/50 | Batch 450/546 | Loss: 2.9019
[2025-10-15 15:00:24] Epoch 5/50 | Batch 500/546 | Loss: 5.1721
[2025-10-15 15:00:24] 
Epoch 5/50 completed in 0.9s
  Train Loss: 2.8494
  Val Loss:   2.8567
  Val Hit@1:  0.1154
  Val Hit@3:  0.2564
  Val Hit@10: 0.7821
  Val MRR:    0.2771

[2025-10-15 15:00:24] Epoch 6/50 | Batch 0/546 | Loss: 2.6049
[2025-10-15 15:00:24] Epoch 6/50 | Batch 50/546 | Loss: 4.4892
[2025-10-15 15:00:24] Epoch 6/50 | Batch 100/546 | Loss: 3.2273
[2025-10-15 15:00:24] Epoch 6/50 | Batch 150/546 | Loss: 3.0314
[2025-10-15 15:00:24] Epoch 6/50 | Batch 200/546 | Loss: 3.8253
[2025-10-15 15:00:24] Epoch 6/50 | Batch 250/546 | Loss: 5.8425
[2025-10-15 15:00:24] Epoch 6/50 | Batch 300/546 | Loss: 3.6366
[2025-10-15 15:00:24] Epoch 6/50 | Batch 350/546 | Loss: 3.8493
[2025-10-15 15:00:24] Epoch 6/50 | Batch 400/546 | Loss: 1.0775
[2025-10-15 15:00:24] Epoch 6/50 | Batch 450/546 | Loss: 3.6859
[2025-10-15 15:00:25] Epoch 6/50 | Batch 500/546 | Loss: 1.2956
[2025-10-15 15:00:25] 
Epoch 6/50 completed in 0.9s
  Train Loss: 2.8055
  Val Loss:   2.8775
  Val Hit@1:  0.0897
  Val Hit@3:  0.2692
  Val Hit@10: 0.8077
  Val MRR:    0.2650

[2025-10-15 15:00:25] Epoch 7/50 | Batch 0/546 | Loss: 3.6657
[2025-10-15 15:00:25] Epoch 7/50 | Batch 50/546 | Loss: 3.0564
[2025-10-15 15:00:25] Epoch 7/50 | Batch 100/546 | Loss: 3.2685
[2025-10-15 15:00:25] Epoch 7/50 | Batch 150/546 | Loss: 2.7163
[2025-10-15 15:00:25] Epoch 7/50 | Batch 200/546 | Loss: 0.8744
[2025-10-15 15:00:25] Epoch 7/50 | Batch 250/546 | Loss: 3.3658
[2025-10-15 15:00:25] Epoch 7/50 | Batch 300/546 | Loss: 4.6045
[2025-10-15 15:00:25] Epoch 7/50 | Batch 350/546 | Loss: 1.3059
[2025-10-15 15:00:25] Epoch 7/50 | Batch 400/546 | Loss: 2.5160
[2025-10-15 15:00:25] Epoch 7/50 | Batch 450/546 | Loss: 0.8719
[2025-10-15 15:00:25] Epoch 7/50 | Batch 500/546 | Loss: 3.1595
[2025-10-15 15:00:26] 
Epoch 7/50 completed in 0.9s
  Train Loss: 2.8004
  Val Loss:   2.8571
  Val Hit@1:  0.1026
  Val Hit@3:  0.3077
  Val Hit@10: 0.8077
  Val MRR:    0.2858

[2025-10-15 15:00:26] Epoch 8/50 | Batch 0/546 | Loss: 2.8131
[2025-10-15 15:00:26] Epoch 8/50 | Batch 50/546 | Loss: 3.3276
[2025-10-15 15:00:26] Epoch 8/50 | Batch 100/546 | Loss: 2.1777
[2025-10-15 15:00:26] Epoch 8/50 | Batch 150/546 | Loss: 5.6380
[2025-10-15 15:00:26] Epoch 8/50 | Batch 200/546 | Loss: 1.4919
[2025-10-15 15:00:26] Epoch 8/50 | Batch 250/546 | Loss: 3.6770
[2025-10-15 15:00:26] Epoch 8/50 | Batch 300/546 | Loss: 3.0586
[2025-10-15 15:00:26] Epoch 8/50 | Batch 350/546 | Loss: 1.8596
[2025-10-15 15:00:26] Epoch 8/50 | Batch 400/546 | Loss: 1.9428
[2025-10-15 15:00:26] Epoch 8/50 | Batch 450/546 | Loss: 2.2428
[2025-10-15 15:00:26] Epoch 8/50 | Batch 500/546 | Loss: 3.8068
[2025-10-15 15:00:27] 
Epoch 8/50 completed in 1.0s
  Train Loss: 2.7453
  Val Loss:   2.9383
  Val Hit@1:  0.0897
  Val Hit@3:  0.3590
  Val Hit@10: 0.7949
  Val MRR:    0.2855

[2025-10-15 15:00:27] Epoch 9/50 | Batch 0/546 | Loss: 3.5853
[2025-10-15 15:00:27] Epoch 9/50 | Batch 50/546 | Loss: 1.9965
[2025-10-15 15:00:27] Epoch 9/50 | Batch 100/546 | Loss: 1.1348
[2025-10-15 15:00:27] Epoch 9/50 | Batch 150/546 | Loss: 3.1573
[2025-10-15 15:00:27] Epoch 9/50 | Batch 200/546 | Loss: 1.5629
[2025-10-15 15:00:27] Epoch 9/50 | Batch 250/546 | Loss: 2.3470
[2025-10-15 15:00:27] Epoch 9/50 | Batch 300/546 | Loss: 2.4015
[2025-10-15 15:00:27] Epoch 9/50 | Batch 350/546 | Loss: 0.4153
[2025-10-15 15:00:27] Epoch 9/50 | Batch 400/546 | Loss: 5.2743
[2025-10-15 15:00:27] Epoch 9/50 | Batch 450/546 | Loss: 1.5653
[2025-10-15 15:00:27] Epoch 9/50 | Batch 500/546 | Loss: 5.6283
[2025-10-15 15:00:28] 
Epoch 9/50 completed in 1.0s
  Train Loss: 2.7152
  Val Loss:   2.8663
  Val Hit@1:  0.0769
  Val Hit@3:  0.3205
  Val Hit@10: 0.8077
  Val MRR:    0.2715

[2025-10-15 15:00:28] Epoch 10/50 | Batch 0/546 | Loss: 3.0332
[2025-10-15 15:00:28] Epoch 10/50 | Batch 50/546 | Loss: 2.9241
[2025-10-15 15:00:28] Epoch 10/50 | Batch 100/546 | Loss: 0.8545
[2025-10-15 15:00:28] Epoch 10/50 | Batch 150/546 | Loss: 0.8426
[2025-10-15 15:00:28] Epoch 10/50 | Batch 200/546 | Loss: 2.4277
[2025-10-15 15:00:28] Epoch 10/50 | Batch 250/546 | Loss: 0.7112
[2025-10-15 15:00:28] Epoch 10/50 | Batch 300/546 | Loss: 2.4081
[2025-10-15 15:00:28] Epoch 10/50 | Batch 350/546 | Loss: 4.7973
[2025-10-15 15:00:28] Epoch 10/50 | Batch 400/546 | Loss: 3.8784
[2025-10-15 15:00:28] Epoch 10/50 | Batch 450/546 | Loss: 2.4008
[2025-10-15 15:00:28] Epoch 10/50 | Batch 500/546 | Loss: 3.6729
[2025-10-15 15:00:29] 
Epoch 10/50 completed in 1.0s
  Train Loss: 2.6521
  Val Loss:   2.9046
  Val Hit@1:  0.1282
  Val Hit@3:  0.2949
  Val Hit@10: 0.7949
  Val MRR:    0.2956

[2025-10-15 15:00:29] Saved best checkpoint (epoch 10)
[2025-10-15 15:00:29] Epoch 11/50 | Batch 0/546 | Loss: 2.8213
[2025-10-15 15:00:29] Epoch 11/50 | Batch 50/546 | Loss: 2.5946
[2025-10-15 15:00:29] Epoch 11/50 | Batch 100/546 | Loss: 4.2558
[2025-10-15 15:00:29] Epoch 11/50 | Batch 150/546 | Loss: 2.4647
[2025-10-15 15:00:29] Epoch 11/50 | Batch 200/546 | Loss: 3.0477
[2025-10-15 15:00:29] Epoch 11/50 | Batch 250/546 | Loss: 1.2620
[2025-10-15 15:00:29] Epoch 11/50 | Batch 300/546 | Loss: 1.7311
[2025-10-15 15:00:29] Epoch 11/50 | Batch 350/546 | Loss: 1.9741
[2025-10-15 15:00:29] Epoch 11/50 | Batch 400/546 | Loss: 3.1649
[2025-10-15 15:00:29] Epoch 11/50 | Batch 450/546 | Loss: 3.1876
[2025-10-15 15:00:29] Epoch 11/50 | Batch 500/546 | Loss: 0.7601
[2025-10-15 15:00:30] 
Epoch 11/50 completed in 1.0s
  Train Loss: 2.6346
  Val Loss:   2.9500
  Val Hit@1:  0.1282
  Val Hit@3:  0.3462
  Val Hit@10: 0.7692
  Val MRR:    0.3010

[2025-10-15 15:00:30] Epoch 12/50 | Batch 0/546 | Loss: 5.5179
[2025-10-15 15:00:30] Epoch 12/50 | Batch 50/546 | Loss: 4.0910
[2025-10-15 15:00:30] Epoch 12/50 | Batch 100/546 | Loss: 3.2454
[2025-10-15 15:00:30] Epoch 12/50 | Batch 150/546 | Loss: 3.1437
[2025-10-15 15:00:30] Epoch 12/50 | Batch 200/546 | Loss: 3.1549
[2025-10-15 15:00:30] Epoch 12/50 | Batch 250/546 | Loss: 3.0291
[2025-10-15 15:00:30] Epoch 12/50 | Batch 300/546 | Loss: 0.8645
[2025-10-15 15:00:30] Epoch 12/50 | Batch 350/546 | Loss: 2.7562
[2025-10-15 15:00:30] Epoch 12/50 | Batch 400/546 | Loss: 4.1702
[2025-10-15 15:00:30] Epoch 12/50 | Batch 450/546 | Loss: 1.0785
[2025-10-15 15:00:30] Epoch 12/50 | Batch 500/546 | Loss: 6.4867
[2025-10-15 15:00:31] 
Epoch 12/50 completed in 1.0s
  Train Loss: 2.5817
  Val Loss:   2.9835
  Val Hit@1:  0.1026
  Val Hit@3:  0.3205
  Val Hit@10: 0.7436
  Val MRR:    0.2802

[2025-10-15 15:00:31] Epoch 13/50 | Batch 0/546 | Loss: 5.1244
[2025-10-15 15:00:31] Epoch 13/50 | Batch 50/546 | Loss: 2.0690
[2025-10-15 15:00:31] Epoch 13/50 | Batch 100/546 | Loss: 1.5830
[2025-10-15 15:00:31] Epoch 13/50 | Batch 150/546 | Loss: 2.8966
[2025-10-15 15:00:31] Epoch 13/50 | Batch 200/546 | Loss: 3.0998
[2025-10-15 15:00:31] Epoch 13/50 | Batch 250/546 | Loss: 3.3693
[2025-10-15 15:00:31] Epoch 13/50 | Batch 300/546 | Loss: 3.7221
[2025-10-15 15:00:31] Epoch 13/50 | Batch 350/546 | Loss: 3.8397
[2025-10-15 15:00:31] Epoch 13/50 | Batch 400/546 | Loss: 2.0904
[2025-10-15 15:00:31] Epoch 13/50 | Batch 450/546 | Loss: 1.7755
[2025-10-15 15:00:31] Epoch 13/50 | Batch 500/546 | Loss: 3.9982
[2025-10-15 15:00:31] 
Epoch 13/50 completed in 0.9s
  Train Loss: 2.5964
  Val Loss:   3.1371
  Val Hit@1:  0.1154
  Val Hit@3:  0.3205
  Val Hit@10: 0.7436
  Val MRR:    0.2897

[2025-10-15 15:00:31] Epoch 14/50 | Batch 0/546 | Loss: 3.6770
[2025-10-15 15:00:32] Epoch 14/50 | Batch 50/546 | Loss: 1.6825
[2025-10-15 15:00:32] Epoch 14/50 | Batch 100/546 | Loss: 1.6170
[2025-10-15 15:00:32] Epoch 14/50 | Batch 150/546 | Loss: 3.4006
[2025-10-15 15:00:32] Epoch 14/50 | Batch 200/546 | Loss: 4.7139
[2025-10-15 15:00:32] Epoch 14/50 | Batch 250/546 | Loss: 4.2386
[2025-10-15 15:00:32] Epoch 14/50 | Batch 300/546 | Loss: 1.7309
[2025-10-15 15:00:32] Epoch 14/50 | Batch 350/546 | Loss: 3.4763
[2025-10-15 15:00:32] Epoch 14/50 | Batch 400/546 | Loss: 2.0020
[2025-10-15 15:00:32] Epoch 14/50 | Batch 450/546 | Loss: 2.3788
[2025-10-15 15:00:32] Epoch 14/50 | Batch 500/546 | Loss: 1.4523
[2025-10-15 15:00:32] 
Epoch 14/50 completed in 0.9s
  Train Loss: 2.5482
  Val Loss:   3.0466
  Val Hit@1:  0.1154
  Val Hit@3:  0.3462
  Val Hit@10: 0.7564
  Val MRR:    0.2887

[2025-10-15 15:00:32] Epoch 15/50 | Batch 0/546 | Loss: 3.0857
[2025-10-15 15:00:32] Epoch 15/50 | Batch 50/546 | Loss: 4.7739
[2025-10-15 15:00:33] Epoch 15/50 | Batch 100/546 | Loss: 1.0758
[2025-10-15 15:00:33] Epoch 15/50 | Batch 150/546 | Loss: 1.8166
[2025-10-15 15:00:33] Epoch 15/50 | Batch 200/546 | Loss: 2.5899
[2025-10-15 15:00:33] Epoch 15/50 | Batch 250/546 | Loss: 1.6944
[2025-10-15 15:00:33] Epoch 15/50 | Batch 300/546 | Loss: 3.3016
[2025-10-15 15:00:33] Epoch 15/50 | Batch 350/546 | Loss: 0.6428
[2025-10-15 15:00:33] Epoch 15/50 | Batch 400/546 | Loss: 2.1185
[2025-10-15 15:00:33] Epoch 15/50 | Batch 450/546 | Loss: 3.2907
[2025-10-15 15:00:33] Epoch 15/50 | Batch 500/546 | Loss: 2.6813
[2025-10-15 15:00:33] 
Epoch 15/50 completed in 0.9s
  Train Loss: 2.5580
  Val Loss:   3.1624
  Val Hit@1:  0.0897
  Val Hit@3:  0.2949
  Val Hit@10: 0.7436
  Val MRR:    0.2735

[2025-10-15 15:00:33] Epoch 16/50 | Batch 0/546 | Loss: 3.8159
[2025-10-15 15:00:33] Epoch 16/50 | Batch 50/546 | Loss: 0.2230
[2025-10-15 15:00:33] Epoch 16/50 | Batch 100/546 | Loss: 4.8925
[2025-10-15 15:00:34] Epoch 16/50 | Batch 150/546 | Loss: 2.3862
[2025-10-15 15:00:34] Epoch 16/50 | Batch 200/546 | Loss: 0.6254
[2025-10-15 15:00:34] Epoch 16/50 | Batch 250/546 | Loss: 2.5286
[2025-10-15 15:00:34] Epoch 16/50 | Batch 300/546 | Loss: 3.6468
[2025-10-15 15:00:34] Epoch 16/50 | Batch 350/546 | Loss: 0.9624
[2025-10-15 15:00:34] Epoch 16/50 | Batch 400/546 | Loss: 2.8838
[2025-10-15 15:00:34] Epoch 16/50 | Batch 450/546 | Loss: 1.1859
[2025-10-15 15:00:34] Epoch 16/50 | Batch 500/546 | Loss: 1.2767
[2025-10-15 15:00:34] 
Epoch 16/50 completed in 0.9s
  Train Loss: 2.5454
  Val Loss:   3.1223
  Val Hit@1:  0.1154
  Val Hit@3:  0.2821
  Val Hit@10: 0.7436
  Val MRR:    0.2859

[2025-10-15 15:00:34] Epoch 17/50 | Batch 0/546 | Loss: 2.2327
[2025-10-15 15:00:34] Epoch 17/50 | Batch 50/546 | Loss: 1.9262
[2025-10-15 15:00:34] Epoch 17/50 | Batch 100/546 | Loss: 5.0978
[2025-10-15 15:00:34] Epoch 17/50 | Batch 150/546 | Loss: 2.4728
[2025-10-15 15:00:35] Epoch 17/50 | Batch 200/546 | Loss: 3.0628
[2025-10-15 15:00:35] Epoch 17/50 | Batch 250/546 | Loss: 2.6241
[2025-10-15 15:00:35] Epoch 17/50 | Batch 300/546 | Loss: 3.8636
[2025-10-15 15:00:35] Epoch 17/50 | Batch 350/546 | Loss: 3.3802
[2025-10-15 15:00:35] Epoch 17/50 | Batch 400/546 | Loss: 0.5402
[2025-10-15 15:00:35] Epoch 17/50 | Batch 450/546 | Loss: 3.1163
[2025-10-15 15:00:35] Epoch 17/50 | Batch 500/546 | Loss: 4.1581
[2025-10-15 15:00:35] 
Epoch 17/50 completed in 0.9s
  Train Loss: 2.4818
  Val Loss:   3.1638
  Val Hit@1:  0.1282
  Val Hit@3:  0.3462
  Val Hit@10: 0.7179
  Val MRR:    0.2999

[2025-10-15 15:00:35] Epoch 18/50 | Batch 0/546 | Loss: 0.9879
[2025-10-15 15:00:35] Epoch 18/50 | Batch 50/546 | Loss: 0.9231
[2025-10-15 15:00:35] Epoch 18/50 | Batch 100/546 | Loss: 1.8860
[2025-10-15 15:00:35] Epoch 18/50 | Batch 150/546 | Loss: 1.5602
[2025-10-15 15:00:35] Epoch 18/50 | Batch 200/546 | Loss: 3.5021
[2025-10-15 15:00:36] Epoch 18/50 | Batch 250/546 | Loss: 3.7433
[2025-10-15 15:00:36] Epoch 18/50 | Batch 300/546 | Loss: 0.7720
[2025-10-15 15:00:36] Epoch 18/50 | Batch 350/546 | Loss: 3.3081
[2025-10-15 15:00:36] Epoch 18/50 | Batch 400/546 | Loss: 3.0671
[2025-10-15 15:00:36] Epoch 18/50 | Batch 450/546 | Loss: 1.8651
[2025-10-15 15:00:36] Epoch 18/50 | Batch 500/546 | Loss: 6.8609
[2025-10-15 15:00:36] 
Epoch 18/50 completed in 0.9s
  Train Loss: 2.4564
  Val Loss:   3.2087
  Val Hit@1:  0.1026
  Val Hit@3:  0.3590
  Val Hit@10: 0.7308
  Val MRR:    0.2899

[2025-10-15 15:00:36] Epoch 19/50 | Batch 0/546 | Loss: 2.5431
[2025-10-15 15:00:36] Epoch 19/50 | Batch 50/546 | Loss: 1.8388
[2025-10-15 15:00:36] Epoch 19/50 | Batch 100/546 | Loss: 1.0800
[2025-10-15 15:00:36] Epoch 19/50 | Batch 150/546 | Loss: 3.2127
[2025-10-15 15:00:36] Epoch 19/50 | Batch 200/546 | Loss: 0.4029
[2025-10-15 15:00:36] Epoch 19/50 | Batch 250/546 | Loss: 0.3336
[2025-10-15 15:00:37] Epoch 19/50 | Batch 300/546 | Loss: 2.4835
[2025-10-15 15:00:37] Epoch 19/50 | Batch 350/546 | Loss: 7.2692
[2025-10-15 15:00:37] Epoch 19/50 | Batch 400/546 | Loss: 3.0390
[2025-10-15 15:00:37] Epoch 19/50 | Batch 450/546 | Loss: 2.6950
[2025-10-15 15:00:37] Epoch 19/50 | Batch 500/546 | Loss: 4.2460
[2025-10-15 15:00:37] 
Epoch 19/50 completed in 0.9s
  Train Loss: 2.4526
  Val Loss:   3.2397
  Val Hit@1:  0.1026
  Val Hit@3:  0.3462
  Val Hit@10: 0.7179
  Val MRR:    0.2892

[2025-10-15 15:00:37] Epoch 20/50 | Batch 0/546 | Loss: 2.1419
[2025-10-15 15:00:37] Epoch 20/50 | Batch 50/546 | Loss: 1.5031
[2025-10-15 15:00:37] Epoch 20/50 | Batch 100/546 | Loss: 4.4294
[2025-10-15 15:00:37] Epoch 20/50 | Batch 150/546 | Loss: 2.8043
[2025-10-15 15:00:37] Epoch 20/50 | Batch 200/546 | Loss: 1.1857
[2025-10-15 15:00:37] Epoch 20/50 | Batch 250/546 | Loss: 1.3345
[2025-10-15 15:00:37] Epoch 20/50 | Batch 300/546 | Loss: 3.7277
[2025-10-15 15:00:38] Epoch 20/50 | Batch 350/546 | Loss: 1.8321
[2025-10-15 15:00:38] Epoch 20/50 | Batch 400/546 | Loss: 2.1208
[2025-10-15 15:00:38] Epoch 20/50 | Batch 450/546 | Loss: 2.9966
[2025-10-15 15:00:38] Epoch 20/50 | Batch 500/546 | Loss: 1.6709
[2025-10-15 15:00:38] 
Epoch 20/50 completed in 0.9s
  Train Loss: 2.4238
  Val Loss:   3.2302
  Val Hit@1:  0.1282
  Val Hit@3:  0.3590
  Val Hit@10: 0.7436
  Val MRR:    0.3026

[2025-10-15 15:00:38] Epoch 21/50 | Batch 0/546 | Loss: 0.9736
[2025-10-15 15:00:38] Epoch 21/50 | Batch 50/546 | Loss: 0.9198
[2025-10-15 15:00:38] Epoch 21/50 | Batch 100/546 | Loss: 4.8500
[2025-10-15 15:00:38] Epoch 21/50 | Batch 150/546 | Loss: 6.1024
[2025-10-15 15:00:38] Epoch 21/50 | Batch 200/546 | Loss: 2.4391
[2025-10-15 15:00:38] Epoch 21/50 | Batch 250/546 | Loss: 1.0229
[2025-10-15 15:00:38] Epoch 21/50 | Batch 300/546 | Loss: 1.2557
[2025-10-15 15:00:38] Epoch 21/50 | Batch 350/546 | Loss: 2.0000
[2025-10-15 15:00:39] Epoch 21/50 | Batch 400/546 | Loss: 0.9012
[2025-10-15 15:00:39] Epoch 21/50 | Batch 450/546 | Loss: 0.9502
[2025-10-15 15:00:39] Epoch 21/50 | Batch 500/546 | Loss: 3.2141
[2025-10-15 15:00:39] 
Epoch 21/50 completed in 0.9s
  Train Loss: 2.4334
  Val Loss:   3.3115
  Val Hit@1:  0.0897
  Val Hit@3:  0.3462
  Val Hit@10: 0.7564
  Val MRR:    0.2765

[2025-10-15 15:00:39] Epoch 22/50 | Batch 0/546 | Loss: 2.6293
[2025-10-15 15:00:39] Epoch 22/50 | Batch 50/546 | Loss: 2.4887
[2025-10-15 15:00:39] Epoch 22/50 | Batch 100/546 | Loss: 7.7087
[2025-10-15 15:00:39] Epoch 22/50 | Batch 150/546 | Loss: 0.2239
[2025-10-15 15:00:39] Epoch 22/50 | Batch 200/546 | Loss: 0.4706
[2025-10-15 15:00:39] Epoch 22/50 | Batch 250/546 | Loss: 3.3619
[2025-10-15 15:00:39] Epoch 22/50 | Batch 300/546 | Loss: 3.6662
[2025-10-15 15:00:39] Epoch 22/50 | Batch 350/546 | Loss: 5.0168
[2025-10-15 15:00:39] Epoch 22/50 | Batch 400/546 | Loss: 2.5109
[2025-10-15 15:00:40] Epoch 22/50 | Batch 450/546 | Loss: 1.1997
[2025-10-15 15:00:40] Epoch 22/50 | Batch 500/546 | Loss: 2.1672
[2025-10-15 15:00:40] 
Epoch 22/50 completed in 0.9s
  Train Loss: 2.4464
  Val Loss:   3.3147
  Val Hit@1:  0.1026
  Val Hit@3:  0.3205
  Val Hit@10: 0.7308
  Val MRR:    0.2768

[2025-10-15 15:00:40] Epoch 23/50 | Batch 0/546 | Loss: 6.1898
[2025-10-15 15:00:40] Epoch 23/50 | Batch 50/546 | Loss: 0.4567
[2025-10-15 15:00:40] Epoch 23/50 | Batch 100/546 | Loss: 3.3026
[2025-10-15 15:00:40] Epoch 23/50 | Batch 150/546 | Loss: 2.4267
[2025-10-15 15:00:40] Epoch 23/50 | Batch 200/546 | Loss: 0.8725
[2025-10-15 15:00:40] Epoch 23/50 | Batch 250/546 | Loss: 1.9599
[2025-10-15 15:00:40] Epoch 23/50 | Batch 300/546 | Loss: 2.0031
[2025-10-15 15:00:40] Epoch 23/50 | Batch 350/546 | Loss: 0.8899
[2025-10-15 15:00:40] Epoch 23/50 | Batch 400/546 | Loss: 1.1379
[2025-10-15 15:00:40] Epoch 23/50 | Batch 450/546 | Loss: 1.8179
[2025-10-15 15:00:41] Epoch 23/50 | Batch 500/546 | Loss: 0.8973
[2025-10-15 15:00:41] 
Epoch 23/50 completed in 0.9s
  Train Loss: 2.3977
  Val Loss:   3.3415
  Val Hit@1:  0.1154
  Val Hit@3:  0.3333
  Val Hit@10: 0.7179
  Val MRR:    0.2903

[2025-10-15 15:00:41] Epoch 24/50 | Batch 0/546 | Loss: 2.6514
[2025-10-15 15:00:41] Epoch 24/50 | Batch 50/546 | Loss: 5.1907
[2025-10-15 15:00:41] Epoch 24/50 | Batch 100/546 | Loss: 2.1910
[2025-10-15 15:00:41] Epoch 24/50 | Batch 150/546 | Loss: 4.3250
[2025-10-15 15:00:41] Epoch 24/50 | Batch 200/546 | Loss: 6.1202
[2025-10-15 15:00:41] Epoch 24/50 | Batch 250/546 | Loss: 0.0909
[2025-10-15 15:00:41] Epoch 24/50 | Batch 300/546 | Loss: 2.5606
[2025-10-15 15:00:41] Epoch 24/50 | Batch 350/546 | Loss: 1.3769
[2025-10-15 15:00:42] Epoch 24/50 | Batch 400/546 | Loss: 1.9617
[2025-10-15 15:00:42] Epoch 24/50 | Batch 450/546 | Loss: 5.6930
[2025-10-15 15:00:42] Epoch 24/50 | Batch 500/546 | Loss: 3.2273
[2025-10-15 15:00:42] 
Epoch 24/50 completed in 1.4s
  Train Loss: 2.3876
  Val Loss:   3.3662
  Val Hit@1:  0.1154
  Val Hit@3:  0.3333
  Val Hit@10: 0.7308
  Val MRR:    0.2884

[2025-10-15 15:00:42] Epoch 25/50 | Batch 0/546 | Loss: 2.3472
[2025-10-15 15:00:42] Epoch 25/50 | Batch 50/546 | Loss: 1.8433
[2025-10-15 15:00:42] Epoch 25/50 | Batch 100/546 | Loss: 5.1306
[2025-10-15 15:00:42] Epoch 25/50 | Batch 150/546 | Loss: 1.3129
[2025-10-15 15:00:42] Epoch 25/50 | Batch 200/546 | Loss: 3.3714
[2025-10-15 15:00:42] Epoch 25/50 | Batch 250/546 | Loss: 0.7353
[2025-10-15 15:00:43] Epoch 25/50 | Batch 300/546 | Loss: 2.8930
[2025-10-15 15:00:43] Epoch 25/50 | Batch 350/546 | Loss: 2.3472
[2025-10-15 15:00:43] Epoch 25/50 | Batch 400/546 | Loss: 3.0261
[2025-10-15 15:00:43] Epoch 25/50 | Batch 450/546 | Loss: 0.7969
[2025-10-15 15:00:43] Epoch 25/50 | Batch 500/546 | Loss: 2.0522
[2025-10-15 15:00:43] 
Epoch 25/50 completed in 1.0s
  Train Loss: 2.3975
  Val Loss:   3.3880
  Val Hit@1:  0.1026
  Val Hit@3:  0.3333
  Val Hit@10: 0.7308
  Val MRR:    0.2809

[2025-10-15 15:00:43] Early stopping triggered after 25 epochs
[2025-10-15 15:00:43] 
================================================================================
[2025-10-15 15:00:43] Running final test evaluation...
[2025-10-15 15:00:43] ================================================================================

[2025-10-15 15:00:43] 
FINAL TEST RESULTS:
  Test Loss:   3.0768
  Test Hit@1:  0.1519
  Test Hit@3:  0.3038
  Test Hit@10: 0.7468
  Test MRR:    0.2966
  Test Samples: 79

[2025-10-15 15:00:43] 
Training complete! Results saved to: experiments/phase1_standard_20251015_150016
