[2025-10-15 16:03:51] Starting Phase 1 training: phase1_standard_20251015_160348
[2025-10-15 16:03:51] Configuration: {
  "json_dir": "data_processed/phase1_standard_20251015_160348",
  "spectral_dir": "data_processed/phase1_standard_20251015_160348/spectral",
  "val_fraction": 0.1,
  "test_fraction": 0.1,
  "hidden_dim": 128,
  "num_layers": 2,
  "dropout": 0.1,
  "epochs": 50,
  "batch_size": 16,
  "lr": 0.0005,
  "weight_decay": 0.0001,
  "grad_clip": 1.0,
  "patience": 20,
  "exp_name": "phase1_standard_20251015_160348",
  "log_dir": "experiments",
  "device": "mps",
  "seed": 42
}
[2025-10-15 16:03:51] Using device: mps
[2025-10-15 16:03:51] Loading datasets...
[2025-10-15 16:03:51] Found 451 JSON files
[2025-10-15 16:03:51] Data split: 361 train, 45 val, 45 test
[2025-10-15 16:03:51] Dataset sizes: 585 train samples, 46 val, 90 test
[2025-10-15 16:03:51] Input features dimension: 19
[2025-10-15 16:03:51] Model parameters: 19,201
[2025-10-15 16:03:51] 
================================================================================
[2025-10-15 16:03:51] Starting training...
[2025-10-15 16:03:51] ================================================================================

[2025-10-15 16:03:52] Epoch 1/50 | Batch 0/37 | Loss: 3.5760
[2025-10-15 16:04:16] 
Epoch 1/50 completed in 25.0s
  Train Loss:    3.4198
  Train Hit@1:   0.0615
  Val Loss:      3.3474
  Val Hit@1:     0.0000
  Val Hit@3:     0.0870
  Val Hit@10:    0.5652
  Val MRR:       0.1309
  Overfit Gap:   0.0615

[2025-10-15 16:04:16] Saved best checkpoint (epoch 1)
[2025-10-15 16:04:17] Epoch 2/50 | Batch 0/37 | Loss: 3.5046
