[2025-10-15 14:24:01] Starting Phase 1 training: phase1_phase1_quick_20251015_142358_20251015_142401
[2025-10-15 14:24:01] Configuration: {
  "json_dir": "data_processed/phase1_quick_20251015_142358",
  "spectral_dir": "data_processed/phase1_quick_20251015_142358/spectral",
  "val_fraction": 0.1,
  "test_fraction": 0.1,
  "hidden_dim": 128,
  "num_layers": 2,
  "dropout": 0.1,
  "epochs": 10,
  "batch_size": 1,
  "lr": 0.001,
  "weight_decay": 1e-05,
  "grad_clip": 1.0,
  "patience": 15,
  "exp_name": "phase1_quick_20251015_142358",
  "log_dir": "experiments",
  "device": "cpu",
  "seed": 42
}
[2025-10-15 14:24:01] Using device: cpu
[2025-10-15 14:24:01] Loading datasets...
[2025-10-15 14:24:01] Found 52 JSON files
[2025-10-15 14:24:01] Data split: 42 train, 5 val, 5 test
[2025-10-15 14:24:01] Dataset sizes: 53 train samples, 7 val, 5 test
[2025-10-15 14:24:01] Input features dimension: 19
[2025-10-15 14:24:01] Model parameters: 19,201
[2025-10-15 14:24:01] 
================================================================================
[2025-10-15 14:24:01] Starting training...
[2025-10-15 14:24:01] ================================================================================

[2025-10-15 14:24:02] Epoch 1/10 | Batch 0/53 | Loss: 2.5215
[2025-10-15 14:24:02] Epoch 1/10 | Batch 50/53 | Loss: 2.4594
[2025-10-15 14:24:02] 
Epoch 1/10 completed in 0.2s
  Train Loss: 3.0445
  Val Loss:   3.7555
  Val Hit@1:  0.0000
  Val Hit@3:  0.1429
  Val Hit@10: 0.5714
  Val MRR:    0.1326

[2025-10-15 14:24:02] Saved best checkpoint (epoch 1)
[2025-10-15 14:24:02] Epoch 2/10 | Batch 0/53 | Loss: 2.6113
[2025-10-15 14:24:02] Epoch 2/10 | Batch 50/53 | Loss: 2.2246
[2025-10-15 14:24:02] 
Epoch 2/10 completed in 0.1s
  Train Loss: 2.9707
  Val Loss:   3.6976
  Val Hit@1:  0.0000
  Val Hit@3:  0.1429
  Val Hit@10: 0.2857
  Val MRR:    0.1370

[2025-10-15 14:24:02] Epoch 3/10 | Batch 0/53 | Loss: 2.3971
[2025-10-15 14:24:02] Epoch 3/10 | Batch 50/53 | Loss: 2.0540
[2025-10-15 14:24:02] 
Epoch 3/10 completed in 0.1s
  Train Loss: 2.8848
  Val Loss:   3.5957
  Val Hit@1:  0.0000
  Val Hit@3:  0.2857
  Val Hit@10: 0.4286
  Val MRR:    0.1343

[2025-10-15 14:24:02] Epoch 4/10 | Batch 0/53 | Loss: 2.0748
[2025-10-15 14:24:02] Epoch 4/10 | Batch 50/53 | Loss: 3.1016
[2025-10-15 14:24:02] 
Epoch 4/10 completed in 0.1s
  Train Loss: 2.7815
  Val Loss:   3.4770
  Val Hit@1:  0.0000
  Val Hit@3:  0.1429
  Val Hit@10: 0.4286
  Val MRR:    0.1468

[2025-10-15 14:24:02] Epoch 5/10 | Batch 0/53 | Loss: 2.1204
[2025-10-15 14:24:02] Epoch 5/10 | Batch 50/53 | Loss: 2.5754
[2025-10-15 14:24:02] 
Epoch 5/10 completed in 0.1s
  Train Loss: 2.6662
  Val Loss:   3.4038
  Val Hit@1:  0.0000
  Val Hit@3:  0.1429
  Val Hit@10: 0.5714
  Val MRR:    0.1367

[2025-10-15 14:24:02] Epoch 6/10 | Batch 0/53 | Loss: 2.7376
[2025-10-15 14:24:02] Epoch 6/10 | Batch 50/53 | Loss: 2.0360
[2025-10-15 14:24:02] 
Epoch 6/10 completed in 0.1s
  Train Loss: 2.5396
  Val Loss:   3.3826
  Val Hit@1:  0.0000
  Val Hit@3:  0.1429
  Val Hit@10: 0.5714
  Val MRR:    0.1636

[2025-10-15 14:24:02] Epoch 7/10 | Batch 0/53 | Loss: 2.6347
[2025-10-15 14:24:02] Epoch 7/10 | Batch 50/53 | Loss: 2.3983
[2025-10-15 14:24:02] 
Epoch 7/10 completed in 0.1s
  Train Loss: 2.4443
  Val Loss:   3.3403
  Val Hit@1:  0.0000
  Val Hit@3:  0.1429
  Val Hit@10: 0.5714
  Val MRR:    0.1608

[2025-10-15 14:24:02] Epoch 8/10 | Batch 0/53 | Loss: 2.6577
[2025-10-15 14:24:02] Epoch 8/10 | Batch 50/53 | Loss: 2.0164
[2025-10-15 14:24:02] 
Epoch 8/10 completed in 0.1s
  Train Loss: 2.3893
  Val Loss:   3.3240
  Val Hit@1:  0.0000
  Val Hit@3:  0.1429
  Val Hit@10: 0.4286
  Val MRR:    0.1693

[2025-10-15 14:24:02] Epoch 9/10 | Batch 0/53 | Loss: 2.8970
[2025-10-15 14:24:02] Epoch 9/10 | Batch 50/53 | Loss: 2.1143
[2025-10-15 14:24:02] 
Epoch 9/10 completed in 0.1s
  Train Loss: 2.3190
  Val Loss:   3.3182
  Val Hit@1:  0.0000
  Val Hit@3:  0.1429
  Val Hit@10: 0.4286
  Val MRR:    0.1638

[2025-10-15 14:24:02] Epoch 10/10 | Batch 0/53 | Loss: 1.6291
[2025-10-15 14:24:02] Epoch 10/10 | Batch 50/53 | Loss: 1.5625
[2025-10-15 14:24:02] 
Epoch 10/10 completed in 0.1s
  Train Loss: 2.3158
  Val Loss:   3.3100
  Val Hit@1:  0.0000
  Val Hit@3:  0.1429
  Val Hit@10: 0.4286
  Val MRR:    0.1674

[2025-10-15 14:24:02] 
================================================================================
[2025-10-15 14:24:02] Running final test evaluation...
[2025-10-15 14:24:02] ================================================================================

[2025-10-15 14:24:02] 
FINAL TEST RESULTS:
  Test Loss:   2.8951
  Test Hit@1:  0.0000
  Test Hit@3:  0.2000
  Test Hit@10: 0.8000
  Test MRR:    0.1709
  Test Samples: 5

[2025-10-15 14:24:02] 
Training complete! Results saved to: experiments/phase1_phase1_quick_20251015_142358_20251015_142401
