[2025-10-15 15:44:40] Starting Phase 1 training: phase1_quick_20251015_154437
[2025-10-15 15:44:40] Configuration: {
  "json_dir": "data_processed/phase1_quick_20251015_154437",
  "spectral_dir": "data_processed/phase1_quick_20251015_154437/spectral",
  "val_fraction": 0.1,
  "test_fraction": 0.1,
  "hidden_dim": 128,
  "num_layers": 2,
  "dropout": 0.1,
  "epochs": 10,
  "batch_size": 32,
  "lr": 0.001,
  "weight_decay": 1e-05,
  "grad_clip": 1.0,
  "patience": 20,
  "exp_name": "phase1_quick_20251015_154437",
  "log_dir": "experiments",
  "device": "cpu",
  "seed": 42
}
[2025-10-15 15:44:40] Using device: cpu
[2025-10-15 15:44:40] Loading datasets...
[2025-10-15 15:44:40] Found 52 JSON files
[2025-10-15 15:44:40] Data split: 42 train, 5 val, 5 test
[2025-10-15 15:44:40] Dataset sizes: 49 train samples, 5 val, 11 test
[2025-10-15 15:44:40] Input features dimension: 19
[2025-10-15 15:44:40] Model parameters: 19,201
[2025-10-15 15:44:40] 
================================================================================
[2025-10-15 15:44:40] Starting training...
[2025-10-15 15:44:40] ================================================================================

[2025-10-15 15:44:40] Epoch 1/10 | Batch 0/2 | Loss: 3.1007
[2025-10-15 15:44:40] 
Epoch 1/10 completed in 0.2s
  Train Loss:    3.1602
  Train Hit@1:   0.0408
  Val Loss:      2.9234
  Val Hit@1:     0.0000
  Val Hit@3:     0.2000
  Val Hit@10:    0.8000
  Val MRR:       0.1764
  Overfit Gap:   0.0408

[2025-10-15 15:44:40] Saved best checkpoint (epoch 1)
[2025-10-15 15:44:40] Epoch 2/10 | Batch 0/2 | Loss: 3.1119
[2025-10-15 15:44:40] 
Epoch 2/10 completed in 0.0s
  Train Loss:    3.1432
  Train Hit@1:   0.0612
  Val Loss:      2.9147
  Val Hit@1:     0.0000
  Val Hit@3:     0.4000
  Val Hit@10:    0.8000
  Val MRR:       0.2528
  Overfit Gap:   0.0612

[2025-10-15 15:44:40] Epoch 3/10 | Batch 0/2 | Loss: 3.1108
[2025-10-15 15:44:40] 
Epoch 3/10 completed in 0.0s
  Train Loss:    3.1273
  Train Hit@1:   0.1429
  Val Loss:      2.9082
  Val Hit@1:     0.0000
  Val Hit@3:     0.6000
  Val Hit@10:    0.8000
  Val MRR:       0.2989
  Overfit Gap:   0.1429

[2025-10-15 15:44:40] Epoch 4/10 | Batch 0/2 | Loss: 3.1360
[2025-10-15 15:44:40] 
Epoch 4/10 completed in 0.0s
  Train Loss:    3.0978
  Train Hit@1:   0.1429
  Val Loss:      2.9021
  Val Hit@1:     0.0000
  Val Hit@3:     0.6000
  Val Hit@10:    0.8000
  Val MRR:       0.2962
  Overfit Gap:   0.1429

[2025-10-15 15:44:40] Epoch 5/10 | Batch 0/2 | Loss: 3.1108
[2025-10-15 15:44:40] 
Epoch 5/10 completed in 0.0s
  Train Loss:    3.0854
  Train Hit@1:   0.1429
  Val Loss:      2.8966
  Val Hit@1:     0.0000
  Val Hit@3:     0.6000
  Val Hit@10:    0.8000
  Val MRR:       0.2962
  Overfit Gap:   0.1429

[2025-10-15 15:44:40] Epoch 6/10 | Batch 0/2 | Loss: 3.0943
[2025-10-15 15:44:40] 
Epoch 6/10 completed in 0.0s
  Train Loss:    3.0697
  Train Hit@1:   0.1429
  Val Loss:      2.8916
  Val Hit@1:     0.0000
  Val Hit@3:     0.4000
  Val Hit@10:    0.8000
  Val MRR:       0.2791
  Overfit Gap:   0.1429

[2025-10-15 15:44:40] Epoch 7/10 | Batch 0/2 | Loss: 3.1187
[2025-10-15 15:44:40] 
Epoch 7/10 completed in 0.0s
  Train Loss:    3.0533
  Train Hit@1:   0.1633
  Val Loss:      2.8857
  Val Hit@1:     0.0000
  Val Hit@3:     0.4000
  Val Hit@10:    0.6000
  Val MRR:       0.2773
  Overfit Gap:   0.1633

[2025-10-15 15:44:40] Epoch 8/10 | Batch 0/2 | Loss: 3.0656
[2025-10-15 15:44:40] 
Epoch 8/10 completed in 0.0s
  Train Loss:    3.0640
  Train Hit@1:   0.1633
  Val Loss:      2.8829
  Val Hit@1:     0.0000
  Val Hit@3:     0.4000
  Val Hit@10:    0.6000
  Val MRR:       0.2777
  Overfit Gap:   0.1633

[2025-10-15 15:44:40] Epoch 9/10 | Batch 0/2 | Loss: 3.0782
[2025-10-15 15:44:40] 
Epoch 9/10 completed in 0.1s
  Train Loss:    3.0519
  Train Hit@1:   0.1837
  Val Loss:      2.8809
  Val Hit@1:     0.0000
  Val Hit@3:     0.4000
  Val Hit@10:    0.6000
  Val MRR:       0.2773
  Overfit Gap:   0.1837

[2025-10-15 15:44:40] Epoch 10/10 | Batch 0/2 | Loss: 3.0467
[2025-10-15 15:44:40] 
Epoch 10/10 completed in 0.0s
  Train Loss:    3.0267
  Train Hit@1:   0.2041
  Val Loss:      2.8784
  Val Hit@1:     0.0000
  Val Hit@3:     0.4000
  Val Hit@10:    0.6000
  Val MRR:       0.2773
  Overfit Gap:   0.2041

[2025-10-15 15:44:40] 
================================================================================
[2025-10-15 15:44:40] Running final test evaluation...
[2025-10-15 15:44:40] ================================================================================

[2025-10-15 15:44:40] 
FINAL TEST RESULTS:
  Test Loss:   3.0380
  Test Hit@1:  0.0909
  Test Hit@3:  0.0909
  Test Hit@10: 0.4545
  Test MRR:    0.1849
  Test Samples: 11

[2025-10-15 15:44:40] 
Training complete! Results saved to: experiments/phase1_quick_20251015_154437
