[2025-10-15 14:31:24] Starting Phase 1 training: phase1_standard_20251015_143120
[2025-10-15 14:31:24] Configuration: {
  "json_dir": "data_processed/phase1_standard_20251015_143120",
  "spectral_dir": "data_processed/phase1_standard_20251015_143120/spectral",
  "val_fraction": 0.1,
  "test_fraction": 0.1,
  "hidden_dim": 128,
  "num_layers": 2,
  "dropout": 0.1,
  "epochs": 50,
  "batch_size": 1,
  "lr": 0.001,
  "weight_decay": 1e-05,
  "grad_clip": 1.0,
  "patience": 15,
  "exp_name": "phase1_standard_20251015_143120",
  "log_dir": "experiments",
  "device": "cpu",
  "seed": 42
}
[2025-10-15 14:31:24] Using device: cpu
[2025-10-15 14:31:24] Loading datasets...
[2025-10-15 14:31:24] Found 451 JSON files
[2025-10-15 14:31:24] Data split: 361 train, 45 val, 45 test
[2025-10-15 14:31:24] Dataset sizes: 538 train samples, 58 val, 77 test
[2025-10-15 14:31:24] Input features dimension: 19
[2025-10-15 14:31:24] Model parameters: 19,201
[2025-10-15 14:31:24] 
================================================================================
[2025-10-15 14:31:24] Starting training...
[2025-10-15 14:31:24] ================================================================================

[2025-10-15 14:31:24] Epoch 1/50 | Batch 0/538 | Loss: 3.2719
[2025-10-15 14:31:24] Epoch 1/50 | Batch 50/538 | Loss: 3.7190
[2025-10-15 14:31:24] Epoch 1/50 | Batch 100/538 | Loss: 2.6102
[2025-10-15 14:31:24] Epoch 1/50 | Batch 150/538 | Loss: 4.0003
[2025-10-15 14:31:24] Epoch 1/50 | Batch 200/538 | Loss: 2.9316
[2025-10-15 14:31:25] Epoch 1/50 | Batch 250/538 | Loss: 2.8468
[2025-10-15 14:31:25] Epoch 1/50 | Batch 300/538 | Loss: 3.5920
[2025-10-15 14:31:25] Epoch 1/50 | Batch 350/538 | Loss: 3.1886
[2025-10-15 14:31:25] Epoch 1/50 | Batch 400/538 | Loss: 3.4990
[2025-10-15 14:31:25] Epoch 1/50 | Batch 450/538 | Loss: 2.0126
[2025-10-15 14:31:25] Epoch 1/50 | Batch 500/538 | Loss: 2.6769
[2025-10-15 14:31:25] 
Epoch 1/50 completed in 1.1s
  Train Loss: 3.1719
  Val Loss:   2.8631
  Val Hit@1:  0.0172
  Val Hit@3:  0.2069
  Val Hit@10: 0.7759
  Val MRR:    0.2167

[2025-10-15 14:31:25] Saved best checkpoint (epoch 1)
[2025-10-15 14:31:25] Epoch 2/50 | Batch 0/538 | Loss: 3.8708
[2025-10-15 14:31:25] Epoch 2/50 | Batch 50/538 | Loss: 3.0979
[2025-10-15 14:31:25] Epoch 2/50 | Batch 100/538 | Loss: 2.4741
[2025-10-15 14:31:25] Epoch 2/50 | Batch 150/538 | Loss: 3.0297
[2025-10-15 14:31:26] Epoch 2/50 | Batch 200/538 | Loss: 2.0446
[2025-10-15 14:31:26] Epoch 2/50 | Batch 250/538 | Loss: 2.8155
[2025-10-15 14:31:26] Epoch 2/50 | Batch 300/538 | Loss: 3.1169
[2025-10-15 14:31:26] Epoch 2/50 | Batch 350/538 | Loss: 3.2081
[2025-10-15 14:31:26] Epoch 2/50 | Batch 400/538 | Loss: 1.6017
[2025-10-15 14:31:26] Epoch 2/50 | Batch 450/538 | Loss: 1.8093
[2025-10-15 14:31:26] Epoch 2/50 | Batch 500/538 | Loss: 3.0547
[2025-10-15 14:31:26] 
Epoch 2/50 completed in 1.0s
  Train Loss: 3.0020
  Val Loss:   2.7629
  Val Hit@1:  0.0517
  Val Hit@3:  0.2241
  Val Hit@10: 0.7586
  Val MRR:    0.2335

[2025-10-15 14:31:26] Saved best checkpoint (epoch 2)
[2025-10-15 14:31:26] Epoch 3/50 | Batch 0/538 | Loss: 3.3236
[2025-10-15 14:31:26] Epoch 3/50 | Batch 50/538 | Loss: 2.1877
[2025-10-15 14:31:26] Epoch 3/50 | Batch 100/538 | Loss: 3.8448
[2025-10-15 14:31:26] Epoch 3/50 | Batch 150/538 | Loss: 3.0067
[2025-10-15 14:31:26] Epoch 3/50 | Batch 200/538 | Loss: 2.2504
[2025-10-15 14:31:27] Epoch 3/50 | Batch 250/538 | Loss: 5.2635
[2025-10-15 14:31:27] Epoch 3/50 | Batch 300/538 | Loss: 2.9549
[2025-10-15 14:31:27] Epoch 3/50 | Batch 350/538 | Loss: 2.6551
[2025-10-15 14:31:27] Epoch 3/50 | Batch 400/538 | Loss: 2.1464
[2025-10-15 14:31:27] Epoch 3/50 | Batch 450/538 | Loss: 2.6438
[2025-10-15 14:31:27] Epoch 3/50 | Batch 500/538 | Loss: 1.6592
[2025-10-15 14:31:27] 
Epoch 3/50 completed in 1.0s
  Train Loss: 2.9101
  Val Loss:   2.7553
  Val Hit@1:  0.0862
  Val Hit@3:  0.2586
  Val Hit@10: 0.8103
  Val MRR:    0.2621

[2025-10-15 14:31:27] Saved best checkpoint (epoch 3)
[2025-10-15 14:31:27] Epoch 4/50 | Batch 0/538 | Loss: 4.0796
[2025-10-15 14:31:27] Epoch 4/50 | Batch 50/538 | Loss: 1.8819
[2025-10-15 14:31:27] Epoch 4/50 | Batch 100/538 | Loss: 4.3728
[2025-10-15 14:31:27] Epoch 4/50 | Batch 150/538 | Loss: 3.3423
[2025-10-15 14:31:27] Epoch 4/50 | Batch 200/538 | Loss: 2.6883
[2025-10-15 14:31:28] Epoch 4/50 | Batch 250/538 | Loss: 2.1656
[2025-10-15 14:31:28] Epoch 4/50 | Batch 300/538 | Loss: 1.0981
[2025-10-15 14:31:28] Epoch 4/50 | Batch 350/538 | Loss: 2.5540
[2025-10-15 14:31:28] Epoch 4/50 | Batch 400/538 | Loss: 2.9895
[2025-10-15 14:31:28] Epoch 4/50 | Batch 450/538 | Loss: 2.3950
[2025-10-15 14:31:28] Epoch 4/50 | Batch 500/538 | Loss: 1.2208
[2025-10-15 14:31:28] 
Epoch 4/50 completed in 1.0s
  Train Loss: 2.8552
  Val Loss:   2.7025
  Val Hit@1:  0.1034
  Val Hit@3:  0.3276
  Val Hit@10: 0.7586
  Val MRR:    0.2933

[2025-10-15 14:31:28] Saved best checkpoint (epoch 4)
[2025-10-15 14:31:28] Epoch 5/50 | Batch 0/538 | Loss: 0.8424
[2025-10-15 14:31:28] Epoch 5/50 | Batch 50/538 | Loss: 5.2940
[2025-10-15 14:31:28] Epoch 5/50 | Batch 100/538 | Loss: 4.9228
[2025-10-15 14:31:28] Epoch 5/50 | Batch 150/538 | Loss: 3.2138
[2025-10-15 14:31:28] Epoch 5/50 | Batch 200/538 | Loss: 3.2802
[2025-10-15 14:31:29] Epoch 5/50 | Batch 250/538 | Loss: 2.0441
[2025-10-15 14:31:29] Epoch 5/50 | Batch 300/538 | Loss: 1.9255
[2025-10-15 14:31:29] Epoch 5/50 | Batch 350/538 | Loss: 1.5400
[2025-10-15 14:31:29] Epoch 5/50 | Batch 400/538 | Loss: 3.5743
[2025-10-15 14:31:29] Epoch 5/50 | Batch 450/538 | Loss: 3.3598
[2025-10-15 14:31:29] Epoch 5/50 | Batch 500/538 | Loss: 3.7937
[2025-10-15 14:31:29] 
Epoch 5/50 completed in 1.0s
  Train Loss: 2.8034
  Val Loss:   2.6840
  Val Hit@1:  0.0690
  Val Hit@3:  0.3448
  Val Hit@10: 0.8276
  Val MRR:    0.2853

[2025-10-15 14:31:29] Epoch 6/50 | Batch 0/538 | Loss: 2.8641
[2025-10-15 14:31:29] Epoch 6/50 | Batch 50/538 | Loss: 3.8884
[2025-10-15 14:31:29] Epoch 6/50 | Batch 100/538 | Loss: 3.5188
[2025-10-15 14:31:29] Epoch 6/50 | Batch 150/538 | Loss: 4.3909
[2025-10-15 14:31:29] Epoch 6/50 | Batch 200/538 | Loss: 2.3741
[2025-10-15 14:31:30] Epoch 6/50 | Batch 250/538 | Loss: 3.3535
[2025-10-15 14:31:30] Epoch 6/50 | Batch 300/538 | Loss: 1.5207
[2025-10-15 14:31:30] Epoch 6/50 | Batch 350/538 | Loss: 1.1570
[2025-10-15 14:31:30] Epoch 6/50 | Batch 400/538 | Loss: 3.7329
[2025-10-15 14:31:30] Epoch 6/50 | Batch 450/538 | Loss: 1.8390
[2025-10-15 14:31:30] Epoch 6/50 | Batch 500/538 | Loss: 3.8202
[2025-10-15 14:31:30] 
Epoch 6/50 completed in 1.0s
  Train Loss: 2.7804
  Val Loss:   2.6444
  Val Hit@1:  0.1897
  Val Hit@3:  0.4483
  Val Hit@10: 0.8103
  Val MRR:    0.3740

[2025-10-15 14:31:30] Saved best checkpoint (epoch 6)
[2025-10-15 14:31:30] Epoch 7/50 | Batch 0/538 | Loss: 0.9462
[2025-10-15 14:31:30] Epoch 7/50 | Batch 50/538 | Loss: 2.7994
[2025-10-15 14:31:30] Epoch 7/50 | Batch 100/538 | Loss: 1.3569
[2025-10-15 14:31:30] Epoch 7/50 | Batch 150/538 | Loss: 2.6656
[2025-10-15 14:31:30] Epoch 7/50 | Batch 200/538 | Loss: 1.5240
[2025-10-15 14:31:30] Epoch 7/50 | Batch 250/538 | Loss: 0.5543
[2025-10-15 14:31:31] Epoch 7/50 | Batch 300/538 | Loss: 3.9867
[2025-10-15 14:31:31] Epoch 7/50 | Batch 350/538 | Loss: 2.9936
[2025-10-15 14:31:31] Epoch 7/50 | Batch 400/538 | Loss: 2.8338
[2025-10-15 14:31:31] Epoch 7/50 | Batch 450/538 | Loss: 2.5621
[2025-10-15 14:31:31] Epoch 7/50 | Batch 500/538 | Loss: 2.4476
[2025-10-15 14:31:31] 
Epoch 7/50 completed in 1.0s
  Train Loss: 2.7400
  Val Loss:   2.6187
  Val Hit@1:  0.1379
  Val Hit@3:  0.3966
  Val Hit@10: 0.8448
  Val MRR:    0.3387

[2025-10-15 14:31:31] Epoch 8/50 | Batch 0/538 | Loss: 4.1714
[2025-10-15 14:31:31] Epoch 8/50 | Batch 50/538 | Loss: 2.9963
[2025-10-15 14:31:31] Epoch 8/50 | Batch 100/538 | Loss: 2.0296
[2025-10-15 14:31:31] Epoch 8/50 | Batch 150/538 | Loss: 2.2672
[2025-10-15 14:31:31] Epoch 8/50 | Batch 200/538 | Loss: 2.1121
[2025-10-15 14:31:31] Epoch 8/50 | Batch 250/538 | Loss: 3.2547
[2025-10-15 14:31:32] Epoch 8/50 | Batch 300/538 | Loss: 2.2644
[2025-10-15 14:31:32] Epoch 8/50 | Batch 350/538 | Loss: 3.1692
[2025-10-15 14:31:32] Epoch 8/50 | Batch 400/538 | Loss: 3.0005
[2025-10-15 14:31:32] Epoch 8/50 | Batch 450/538 | Loss: 3.4632
[2025-10-15 14:31:32] Epoch 8/50 | Batch 500/538 | Loss: 4.2212
[2025-10-15 14:31:32] 
Epoch 8/50 completed in 1.0s
  Train Loss: 2.7480
  Val Loss:   2.7209
  Val Hit@1:  0.1207
  Val Hit@3:  0.4310
  Val Hit@10: 0.8103
  Val MRR:    0.3293

[2025-10-15 14:31:32] Epoch 9/50 | Batch 0/538 | Loss: 4.0500
[2025-10-15 14:31:32] Epoch 9/50 | Batch 50/538 | Loss: 3.4547
[2025-10-15 14:31:32] Epoch 9/50 | Batch 100/538 | Loss: 4.9657
[2025-10-15 14:31:32] Epoch 9/50 | Batch 150/538 | Loss: 1.4000
[2025-10-15 14:31:32] Epoch 9/50 | Batch 200/538 | Loss: 3.9888
[2025-10-15 14:31:32] Epoch 9/50 | Batch 250/538 | Loss: 0.5187
[2025-10-15 14:31:32] Epoch 9/50 | Batch 300/538 | Loss: 2.6300
[2025-10-15 14:31:33] Epoch 9/50 | Batch 350/538 | Loss: 3.3712
[2025-10-15 14:31:33] Epoch 9/50 | Batch 400/538 | Loss: 3.6511
[2025-10-15 14:31:33] Epoch 9/50 | Batch 450/538 | Loss: 3.0582
[2025-10-15 14:31:33] Epoch 9/50 | Batch 500/538 | Loss: 2.6395
[2025-10-15 14:31:33] 
Epoch 9/50 completed in 0.9s
  Train Loss: 2.6975
  Val Loss:   2.7921
  Val Hit@1:  0.1724
  Val Hit@3:  0.4655
  Val Hit@10: 0.8103
  Val MRR:    0.3621

[2025-10-15 14:31:33] Epoch 10/50 | Batch 0/538 | Loss: 1.9808
[2025-10-15 14:31:33] Epoch 10/50 | Batch 50/538 | Loss: 2.4154
[2025-10-15 14:31:33] Epoch 10/50 | Batch 100/538 | Loss: 3.2627
[2025-10-15 14:31:33] Epoch 10/50 | Batch 150/538 | Loss: 5.6905
[2025-10-15 14:31:33] Epoch 10/50 | Batch 200/538 | Loss: 2.3650
[2025-10-15 14:31:33] Epoch 10/50 | Batch 250/538 | Loss: 3.4011
[2025-10-15 14:31:34] Epoch 10/50 | Batch 300/538 | Loss: 4.0506
[2025-10-15 14:31:34] Epoch 10/50 | Batch 350/538 | Loss: 1.4306
[2025-10-15 14:31:34] Epoch 10/50 | Batch 400/538 | Loss: 1.2183
[2025-10-15 14:31:34] Epoch 10/50 | Batch 450/538 | Loss: 2.1469
[2025-10-15 14:31:34] Epoch 10/50 | Batch 500/538 | Loss: 2.6631
[2025-10-15 14:31:34] 
Epoch 10/50 completed in 1.0s
  Train Loss: 2.7021
  Val Loss:   2.6775
  Val Hit@1:  0.1207
  Val Hit@3:  0.4483
  Val Hit@10: 0.8103
  Val MRR:    0.3274

[2025-10-15 14:31:34] Epoch 11/50 | Batch 0/538 | Loss: 2.9719
[2025-10-15 14:31:34] Epoch 11/50 | Batch 50/538 | Loss: 4.3463
[2025-10-15 14:31:34] Epoch 11/50 | Batch 100/538 | Loss: 1.7995
[2025-10-15 14:31:34] Epoch 11/50 | Batch 150/538 | Loss: 1.1826
[2025-10-15 14:31:34] Epoch 11/50 | Batch 200/538 | Loss: 0.7202
[2025-10-15 14:31:34] Epoch 11/50 | Batch 250/538 | Loss: 2.3618
[2025-10-15 14:31:35] Epoch 11/50 | Batch 300/538 | Loss: 1.2482
[2025-10-15 14:31:35] Epoch 11/50 | Batch 350/538 | Loss: 2.8471
[2025-10-15 14:31:35] Epoch 11/50 | Batch 400/538 | Loss: 2.0200
[2025-10-15 14:31:35] Epoch 11/50 | Batch 450/538 | Loss: 1.8362
[2025-10-15 14:31:35] Epoch 11/50 | Batch 500/538 | Loss: 1.1904
[2025-10-15 14:31:35] 
Epoch 11/50 completed in 1.1s
  Train Loss: 2.6384
  Val Loss:   2.7150
  Val Hit@1:  0.1552
  Val Hit@3:  0.4138
  Val Hit@10: 0.8276
  Val MRR:    0.3506

[2025-10-15 14:31:35] Epoch 12/50 | Batch 0/538 | Loss: 2.1275
[2025-10-15 14:31:35] Epoch 12/50 | Batch 50/538 | Loss: 3.5963
[2025-10-15 14:31:35] Epoch 12/50 | Batch 100/538 | Loss: 3.3019
[2025-10-15 14:31:35] Epoch 12/50 | Batch 150/538 | Loss: 4.7802
[2025-10-15 14:31:36] Epoch 12/50 | Batch 200/538 | Loss: 5.0951
[2025-10-15 14:31:36] Epoch 12/50 | Batch 250/538 | Loss: 3.2400
[2025-10-15 14:31:36] Epoch 12/50 | Batch 300/538 | Loss: 2.6571
[2025-10-15 14:31:36] Epoch 12/50 | Batch 350/538 | Loss: 2.2255
[2025-10-15 14:31:36] Epoch 12/50 | Batch 400/538 | Loss: 0.5992
[2025-10-15 14:31:36] Epoch 12/50 | Batch 450/538 | Loss: 2.3484
[2025-10-15 14:31:36] Epoch 12/50 | Batch 500/538 | Loss: 3.7647
[2025-10-15 14:31:36] 
Epoch 12/50 completed in 1.1s
  Train Loss: 2.6623
  Val Loss:   2.7839
  Val Hit@1:  0.1552
  Val Hit@3:  0.4310
  Val Hit@10: 0.8448
  Val MRR:    0.3501

[2025-10-15 14:31:36] Epoch 13/50 | Batch 0/538 | Loss: 1.1408
[2025-10-15 14:31:36] Epoch 13/50 | Batch 50/538 | Loss: 2.0632
[2025-10-15 14:31:36] Epoch 13/50 | Batch 100/538 | Loss: 6.6089
[2025-10-15 14:31:36] Epoch 13/50 | Batch 150/538 | Loss: 5.4123
[2025-10-15 14:31:36] Epoch 13/50 | Batch 200/538 | Loss: 1.3315
[2025-10-15 14:31:37] Epoch 13/50 | Batch 250/538 | Loss: 0.7893
[2025-10-15 14:31:37] Epoch 13/50 | Batch 300/538 | Loss: 0.8856
[2025-10-15 14:31:37] Epoch 13/50 | Batch 350/538 | Loss: 3.4667
[2025-10-15 14:31:37] Epoch 13/50 | Batch 400/538 | Loss: 5.1281
[2025-10-15 14:31:37] Epoch 13/50 | Batch 450/538 | Loss: 5.0118
[2025-10-15 14:31:37] Epoch 13/50 | Batch 500/538 | Loss: 2.2346
[2025-10-15 14:31:37] 
Epoch 13/50 completed in 0.9s
  Train Loss: 2.5513
  Val Loss:   2.7799
  Val Hit@1:  0.1724
  Val Hit@3:  0.4310
  Val Hit@10: 0.8103
  Val MRR:    0.3641

[2025-10-15 14:31:37] Epoch 14/50 | Batch 0/538 | Loss: 3.7417
[2025-10-15 14:31:37] Epoch 14/50 | Batch 50/538 | Loss: 1.1600
[2025-10-15 14:31:37] Epoch 14/50 | Batch 100/538 | Loss: 4.8616
[2025-10-15 14:31:37] Epoch 14/50 | Batch 150/538 | Loss: 4.1428
[2025-10-15 14:31:37] Epoch 14/50 | Batch 200/538 | Loss: 5.7057
[2025-10-15 14:31:37] Epoch 14/50 | Batch 250/538 | Loss: 4.1843
[2025-10-15 14:31:38] Epoch 14/50 | Batch 300/538 | Loss: 5.8137
[2025-10-15 14:31:38] Epoch 14/50 | Batch 350/538 | Loss: 1.6915
[2025-10-15 14:31:38] Epoch 14/50 | Batch 400/538 | Loss: 2.2024
[2025-10-15 14:31:38] Epoch 14/50 | Batch 450/538 | Loss: 0.8733
[2025-10-15 14:31:38] Epoch 14/50 | Batch 500/538 | Loss: 2.2823
[2025-10-15 14:31:38] 
Epoch 14/50 completed in 0.9s
  Train Loss: 2.5490
  Val Loss:   2.6483
  Val Hit@1:  0.1897
  Val Hit@3:  0.5345
  Val Hit@10: 0.8276
  Val MRR:    0.3841

[2025-10-15 14:31:38] Epoch 15/50 | Batch 0/538 | Loss: 0.2290
[2025-10-15 14:31:38] Epoch 15/50 | Batch 50/538 | Loss: 0.9366
[2025-10-15 14:31:38] Epoch 15/50 | Batch 100/538 | Loss: 5.0114
[2025-10-15 14:31:38] Epoch 15/50 | Batch 150/538 | Loss: 0.7260
[2025-10-15 14:31:38] Epoch 15/50 | Batch 200/538 | Loss: 3.2530
[2025-10-15 14:31:38] Epoch 15/50 | Batch 250/538 | Loss: 2.6219
[2025-10-15 14:31:38] Epoch 15/50 | Batch 300/538 | Loss: 0.6536
[2025-10-15 14:31:39] Epoch 15/50 | Batch 350/538 | Loss: 2.1224
[2025-10-15 14:31:39] Epoch 15/50 | Batch 400/538 | Loss: 1.8431
[2025-10-15 14:31:39] Epoch 15/50 | Batch 450/538 | Loss: 1.5357
[2025-10-15 14:31:39] Epoch 15/50 | Batch 500/538 | Loss: 1.8084
[2025-10-15 14:31:39] 
Epoch 15/50 completed in 0.9s
  Train Loss: 2.5827
  Val Loss:   2.6631
  Val Hit@1:  0.1379
  Val Hit@3:  0.5345
  Val Hit@10: 0.7931
  Val MRR:    0.3653

[2025-10-15 14:31:39] Epoch 16/50 | Batch 0/538 | Loss: 5.0703
[2025-10-15 14:31:39] Epoch 16/50 | Batch 50/538 | Loss: 1.6646
[2025-10-15 14:31:39] Epoch 16/50 | Batch 100/538 | Loss: 2.2675
[2025-10-15 14:31:39] Epoch 16/50 | Batch 150/538 | Loss: 4.1041
[2025-10-15 14:31:39] Epoch 16/50 | Batch 200/538 | Loss: 5.2097
[2025-10-15 14:31:39] Epoch 16/50 | Batch 250/538 | Loss: 1.9624
[2025-10-15 14:31:39] Epoch 16/50 | Batch 300/538 | Loss: 1.8810
[2025-10-15 14:31:39] Epoch 16/50 | Batch 350/538 | Loss: 4.9786
[2025-10-15 14:31:40] Epoch 16/50 | Batch 400/538 | Loss: 1.8310
[2025-10-15 14:31:40] Epoch 16/50 | Batch 450/538 | Loss: 2.8985
[2025-10-15 14:31:40] Epoch 16/50 | Batch 500/538 | Loss: 1.6799
[2025-10-15 14:31:40] 
Epoch 16/50 completed in 0.9s
  Train Loss: 2.5345
  Val Loss:   2.6933
  Val Hit@1:  0.1552
  Val Hit@3:  0.4828
  Val Hit@10: 0.7759
  Val MRR:    0.3571

[2025-10-15 14:31:40] Epoch 17/50 | Batch 0/538 | Loss: 0.4370
[2025-10-15 14:31:40] Epoch 17/50 | Batch 50/538 | Loss: 0.8469
[2025-10-15 14:31:40] Epoch 17/50 | Batch 100/538 | Loss: 4.6462
[2025-10-15 14:31:40] Epoch 17/50 | Batch 150/538 | Loss: 2.6480
[2025-10-15 14:31:40] Epoch 17/50 | Batch 200/538 | Loss: 2.6210
[2025-10-15 14:31:40] Epoch 17/50 | Batch 250/538 | Loss: 1.6639
[2025-10-15 14:31:40] Epoch 17/50 | Batch 300/538 | Loss: 2.3681
[2025-10-15 14:31:40] Epoch 17/50 | Batch 350/538 | Loss: 3.1621
[2025-10-15 14:31:40] Epoch 17/50 | Batch 400/538 | Loss: 2.6681
[2025-10-15 14:31:40] Epoch 17/50 | Batch 450/538 | Loss: 2.8876
[2025-10-15 14:31:41] Epoch 17/50 | Batch 500/538 | Loss: 0.5961
[2025-10-15 14:31:41] 
Epoch 17/50 completed in 0.9s
  Train Loss: 2.5271
  Val Loss:   2.8276
  Val Hit@1:  0.1897
  Val Hit@3:  0.4310
  Val Hit@10: 0.7931
  Val MRR:    0.3775

[2025-10-15 14:31:41] Epoch 18/50 | Batch 0/538 | Loss: 1.3266
[2025-10-15 14:31:41] Epoch 18/50 | Batch 50/538 | Loss: 1.4280
[2025-10-15 14:31:41] Epoch 18/50 | Batch 100/538 | Loss: 1.0806
[2025-10-15 14:31:41] Epoch 18/50 | Batch 150/538 | Loss: 3.2096
[2025-10-15 14:31:41] Epoch 18/50 | Batch 200/538 | Loss: 1.5419
[2025-10-15 14:31:41] Epoch 18/50 | Batch 250/538 | Loss: 1.3653
[2025-10-15 14:31:41] Epoch 18/50 | Batch 300/538 | Loss: 4.3294
[2025-10-15 14:31:41] Epoch 18/50 | Batch 350/538 | Loss: 1.8660
[2025-10-15 14:31:41] Epoch 18/50 | Batch 400/538 | Loss: 0.4170
[2025-10-15 14:31:41] Epoch 18/50 | Batch 450/538 | Loss: 4.4742
[2025-10-15 14:31:41] Epoch 18/50 | Batch 500/538 | Loss: 6.8984
[2025-10-15 14:31:42] 
Epoch 18/50 completed in 0.9s
  Train Loss: 2.5390
  Val Loss:   2.8773
  Val Hit@1:  0.1552
  Val Hit@3:  0.4655
  Val Hit@10: 0.7931
  Val MRR:    0.3613

[2025-10-15 14:31:42] Epoch 19/50 | Batch 0/538 | Loss: 1.9619
[2025-10-15 14:31:42] Epoch 19/50 | Batch 50/538 | Loss: 1.7501
[2025-10-15 14:31:42] Epoch 19/50 | Batch 100/538 | Loss: 2.4226
[2025-10-15 14:31:42] Epoch 19/50 | Batch 150/538 | Loss: 0.6413
[2025-10-15 14:31:42] Epoch 19/50 | Batch 200/538 | Loss: 0.5334
[2025-10-15 14:31:42] Epoch 19/50 | Batch 250/538 | Loss: 0.9312
[2025-10-15 14:31:42] Epoch 19/50 | Batch 300/538 | Loss: 2.4811
[2025-10-15 14:31:42] Epoch 19/50 | Batch 350/538 | Loss: 1.8237
[2025-10-15 14:31:42] Epoch 19/50 | Batch 400/538 | Loss: 0.8182
[2025-10-15 14:31:42] Epoch 19/50 | Batch 450/538 | Loss: 4.1737
[2025-10-15 14:31:42] Epoch 19/50 | Batch 500/538 | Loss: 1.2105
[2025-10-15 14:31:42] 
Epoch 19/50 completed in 0.9s
  Train Loss: 2.4937
  Val Loss:   2.7826
  Val Hit@1:  0.1379
  Val Hit@3:  0.4655
  Val Hit@10: 0.8103
  Val MRR:    0.3527

[2025-10-15 14:31:42] Epoch 20/50 | Batch 0/538 | Loss: 1.9346
[2025-10-15 14:31:42] Epoch 20/50 | Batch 50/538 | Loss: 1.2181
[2025-10-15 14:31:43] Epoch 20/50 | Batch 100/538 | Loss: 4.4461
[2025-10-15 14:31:43] Epoch 20/50 | Batch 150/538 | Loss: 2.0864
[2025-10-15 14:31:43] Epoch 20/50 | Batch 200/538 | Loss: 2.5865
[2025-10-15 14:31:43] Epoch 20/50 | Batch 250/538 | Loss: 1.1857
[2025-10-15 14:31:43] Epoch 20/50 | Batch 300/538 | Loss: 1.8581
[2025-10-15 14:31:43] Epoch 20/50 | Batch 350/538 | Loss: 3.5298
[2025-10-15 14:31:43] Epoch 20/50 | Batch 400/538 | Loss: 1.3027
[2025-10-15 14:31:43] Epoch 20/50 | Batch 450/538 | Loss: 6.3023
[2025-10-15 14:31:43] Epoch 20/50 | Batch 500/538 | Loss: 2.6681
[2025-10-15 14:31:43] 
Epoch 20/50 completed in 0.9s
  Train Loss: 2.4789
  Val Loss:   2.7656
  Val Hit@1:  0.1724
  Val Hit@3:  0.5000
  Val Hit@10: 0.7931
  Val MRR:    0.3756

[2025-10-15 14:31:43] Epoch 21/50 | Batch 0/538 | Loss: 0.6113
[2025-10-15 14:31:43] Epoch 21/50 | Batch 50/538 | Loss: 3.6603
[2025-10-15 14:31:43] Epoch 21/50 | Batch 100/538 | Loss: 2.1624
[2025-10-15 14:31:44] Epoch 21/50 | Batch 150/538 | Loss: 2.0309
[2025-10-15 14:31:44] Epoch 21/50 | Batch 200/538 | Loss: 2.4715
[2025-10-15 14:31:44] Epoch 21/50 | Batch 250/538 | Loss: 3.4368
[2025-10-15 14:31:44] Epoch 21/50 | Batch 300/538 | Loss: 2.6398
[2025-10-15 14:31:44] Epoch 21/50 | Batch 350/538 | Loss: 1.8031
[2025-10-15 14:31:44] Epoch 21/50 | Batch 400/538 | Loss: 4.0402
[2025-10-15 14:31:44] Epoch 21/50 | Batch 450/538 | Loss: 5.6793
[2025-10-15 14:31:44] Epoch 21/50 | Batch 500/538 | Loss: 4.0399
[2025-10-15 14:31:44] 
Epoch 21/50 completed in 0.9s
  Train Loss: 2.4226
  Val Loss:   2.7728
  Val Hit@1:  0.1207
  Val Hit@3:  0.4655
  Val Hit@10: 0.7931
  Val MRR:    0.3542

[2025-10-15 14:31:44] Early stopping triggered after 21 epochs
[2025-10-15 14:31:44] 
================================================================================
[2025-10-15 14:31:44] Running final test evaluation...
[2025-10-15 14:31:44] ================================================================================

[2025-10-15 14:31:44] 
FINAL TEST RESULTS:
  Test Loss:   2.8056
  Test Hit@1:  0.2078
  Test Hit@3:  0.3766
  Test Hit@10: 0.7273
  Test MRR:    0.3476
  Test Samples: 77

[2025-10-15 14:31:44] 
Training complete! Results saved to: experiments/phase1_standard_20251015_143120
