[2025-10-15 14:05:22] Starting Phase 1 training: phase1_phase1_quick_20251015_140520_20251015_140522
[2025-10-15 14:05:22] Configuration: {
  "json_dir": "data_processed/phase1_quick_20251015_140520",
  "spectral_dir": "data_processed/phase1_quick_20251015_140520/spectral",
  "val_fraction": 0.1,
  "test_fraction": 0.1,
  "hidden_dim": 128,
  "num_layers": 2,
  "dropout": 0.1,
  "epochs": 10,
  "batch_size": 1,
  "lr": 0.001,
  "weight_decay": 1e-05,
  "grad_clip": 1.0,
  "patience": 15,
  "exp_name": "phase1_quick_20251015_140520",
  "log_dir": "experiments",
  "device": "cpu",
  "seed": 42
}
[2025-10-15 14:05:22] Using device: cpu
[2025-10-15 14:05:22] Loading datasets...
[2025-10-15 14:05:22] Found 52 JSON files
[2025-10-15 14:05:22] Data split: 42 train, 5 val, 5 test
[2025-10-15 14:05:22] Dataset sizes: 61 train samples, 6 val, 7 test
[2025-10-15 14:05:22] Input features dimension: 19
[2025-10-15 14:05:22] Model parameters: 19,201
[2025-10-15 14:05:22] 
================================================================================
[2025-10-15 14:05:22] Starting training...
[2025-10-15 14:05:22] ================================================================================

