[2025-10-15 16:23:55] Starting Phase 1 training: phase1_quick_20251015_162345
[2025-10-15 16:23:55] Configuration: {
  "json_dir": "data_processed/phase1_quick_20251015_162345",
  "spectral_dir": "data_processed/phase1_quick_20251015_162345/spectral",
  "val_fraction": 0.1,
  "test_fraction": 0.1,
  "hidden_dim": 256,
  "num_layers": 4,
  "dropout": 0.2,
  "epochs": 10,
  "batch_size": 256,
  "lr": 0.0003,
  "weight_decay": 0.0001,
  "grad_clip": 1.0,
  "patience": 20,
  "exp_name": "phase1_quick_20251015_162345",
  "log_dir": "experiments",
  "device": "cpu",
  "seed": 42
}
[2025-10-15 16:23:55] Using device: cpu
[2025-10-15 16:23:55] Loading datasets...
[2025-10-15 16:23:55] Found 52 JSON files
[2025-10-15 16:23:55] Data split: 42 train, 5 val, 5 test
[2025-10-15 16:23:55] Dataset sizes: 61 train samples, 11 val, 7 test
[2025-10-15 16:23:55] Input features dimension: 19
[2025-10-15 16:23:55] Model parameters: 204,801
[2025-10-15 16:23:55] 
================================================================================
[2025-10-15 16:23:55] Starting training...
[2025-10-15 16:23:55] ================================================================================

[2025-10-15 16:23:55] Epoch 1/10 | Batch 0/1 | Loss: 3.1822
[2025-10-15 16:23:55] 
Epoch 1/10 completed in 0.1s
  Train Loss:    3.1822
  Train Hit@1:   0.0492
  Val Loss:      4.0059
  Val Hit@1:     0.0000
  Val Hit@3:     0.0909
  Val Hit@10:    0.3636
  Val MRR:       0.0824
  Overfit Gap:   0.0492

[2025-10-15 16:23:55] Saved best checkpoint (epoch 1)
[2025-10-15 16:23:55] Epoch 2/10 | Batch 0/1 | Loss: 3.1171
[2025-10-15 16:23:55] 
Epoch 2/10 completed in 0.1s
  Train Loss:    3.1171
  Train Hit@1:   0.0656
  Val Loss:      3.9943
  Val Hit@1:     0.0000
  Val Hit@3:     0.0909
  Val Hit@10:    0.4545
  Val MRR:       0.1017
  Overfit Gap:   0.0656

[2025-10-15 16:23:55] Epoch 3/10 | Batch 0/1 | Loss: 3.0096
[2025-10-15 16:23:55] 
Epoch 3/10 completed in 0.1s
  Train Loss:    3.0096
  Train Hit@1:   0.0984
  Val Loss:      3.9855
  Val Hit@1:     0.0000
  Val Hit@3:     0.0909
  Val Hit@10:    0.4545
  Val MRR:       0.0958
  Overfit Gap:   0.0984

[2025-10-15 16:23:55] Epoch 4/10 | Batch 0/1 | Loss: 2.9882
[2025-10-15 16:23:55] 
Epoch 4/10 completed in 0.1s
  Train Loss:    2.9882
  Train Hit@1:   0.0656
  Val Loss:      3.9810
  Val Hit@1:     0.0000
  Val Hit@3:     0.0909
  Val Hit@10:    0.3636
  Val MRR:       0.1080
  Overfit Gap:   0.0656

[2025-10-15 16:23:55] Epoch 5/10 | Batch 0/1 | Loss: 2.9667
[2025-10-15 16:23:55] 
Epoch 5/10 completed in 0.1s
  Train Loss:    2.9667
  Train Hit@1:   0.0656
  Val Loss:      3.9822
  Val Hit@1:     0.0000
  Val Hit@3:     0.1818
  Val Hit@10:    0.3636
  Val MRR:       0.1162
  Overfit Gap:   0.0656

[2025-10-15 16:23:55] Epoch 6/10 | Batch 0/1 | Loss: 2.9231
[2025-10-15 16:23:55] 
Epoch 6/10 completed in 0.1s
  Train Loss:    2.9231
  Train Hit@1:   0.0820
  Val Loss:      3.9864
  Val Hit@1:     0.0000
  Val Hit@3:     0.1818
  Val Hit@10:    0.3636
  Val MRR:       0.1168
  Overfit Gap:   0.0820

[2025-10-15 16:23:55] Epoch 7/10 | Batch 0/1 | Loss: 2.8863
[2025-10-15 16:23:55] 
Epoch 7/10 completed in 0.1s
  Train Loss:    2.8863
  Train Hit@1:   0.0984
  Val Loss:      3.9957
  Val Hit@1:     0.0000
  Val Hit@3:     0.0909
  Val Hit@10:    0.3636
  Val MRR:       0.1201
  Overfit Gap:   0.0984

[2025-10-15 16:23:55] Epoch 8/10 | Batch 0/1 | Loss: 2.9356
[2025-10-15 16:23:55] 
Epoch 8/10 completed in 0.1s
  Train Loss:    2.9356
  Train Hit@1:   0.0984
  Val Loss:      4.0017
  Val Hit@1:     0.0000
  Val Hit@3:     0.0909
  Val Hit@10:    0.3636
  Val MRR:       0.1202
  Overfit Gap:   0.0984

[2025-10-15 16:23:56] Epoch 9/10 | Batch 0/1 | Loss: 2.8745
[2025-10-15 16:23:56] 
Epoch 9/10 completed in 0.1s
  Train Loss:    2.8745
  Train Hit@1:   0.1148
  Val Loss:      4.0081
  Val Hit@1:     0.0000
  Val Hit@3:     0.0909
  Val Hit@10:    0.3636
  Val MRR:       0.1201
  Overfit Gap:   0.1148

[2025-10-15 16:23:56] Epoch 10/10 | Batch 0/1 | Loss: 2.8764
[2025-10-15 16:23:56] 
Epoch 10/10 completed in 0.1s
  Train Loss:    2.8764
  Train Hit@1:   0.1311
  Val Loss:      4.0151
  Val Hit@1:     0.0000
  Val Hit@3:     0.0909
  Val Hit@10:    0.3636
  Val MRR:       0.1201
  Overfit Gap:   0.1311

[2025-10-15 16:23:56] 
================================================================================
[2025-10-15 16:23:56] Running final test evaluation...
[2025-10-15 16:23:56] ================================================================================

[2025-10-15 16:23:56] 
FINAL TEST RESULTS:
  Test Loss:   3.0743
  Test Hit@1:  0.1429
  Test Hit@3:  0.1429
  Test Hit@10: 0.5714
  Test MRR:    0.2285
  Test Samples: 7

[2025-10-15 16:23:56] 
Training complete! Results saved to: experiments/phase1_quick_20251015_162345
