[2025-10-15 16:24:31] Starting Phase 1 training: phase1_quick_20251015_162428
[2025-10-15 16:24:31] Configuration: {
  "json_dir": "data_processed/phase1_quick_20251015_162428",
  "spectral_dir": "data_processed/phase1_quick_20251015_162428/spectral",
  "val_fraction": 0.1,
  "test_fraction": 0.1,
  "hidden_dim": 256,
  "num_layers": 4,
  "dropout": 0.2,
  "epochs": 10,
  "batch_size": 256,
  "lr": 0.0003,
  "weight_decay": 0.0001,
  "grad_clip": 1.0,
  "patience": 20,
  "exp_name": "phase1_quick_20251015_162428",
  "log_dir": "experiments",
  "device": "cpu",
  "seed": 42
}
[2025-10-15 16:24:31] Using device: cpu
[2025-10-15 16:24:31] Loading datasets...
[2025-10-15 16:24:31] Found 52 JSON files
[2025-10-15 16:24:31] Data split: 42 train, 5 val, 5 test
[2025-10-15 16:24:31] Dataset sizes: 55 train samples, 4 val, 8 test
[2025-10-15 16:24:31] Input features dimension: 19
[2025-10-15 16:24:31] Model parameters: 204,801
[2025-10-15 16:24:31] 
================================================================================
[2025-10-15 16:24:31] Starting training...
[2025-10-15 16:24:31] ================================================================================

[2025-10-15 16:24:31] Epoch 1/10 | Batch 0/1 | Loss: 3.1996
[2025-10-15 16:24:31] 
Epoch 1/10 completed in 0.2s
  Train Loss:    3.1996
  Train Hit@1:   0.0182
  Val Loss:      4.2773
  Val Hit@1:     0.0000
  Val Hit@3:     0.0000
  Val Hit@10:    0.0000
  Val MRR:       0.0390
  Overfit Gap:   0.0182

[2025-10-15 16:24:31] Saved best checkpoint (epoch 1)
[2025-10-15 16:24:31] Epoch 2/10 | Batch 0/1 | Loss: 3.1530
[2025-10-15 16:24:31] 
Epoch 2/10 completed in 0.1s
  Train Loss:    3.1530
  Train Hit@1:   0.0727
  Val Loss:      4.2746
  Val Hit@1:     0.0000
  Val Hit@3:     0.0000
  Val Hit@10:    0.0000
  Val MRR:       0.0329
  Overfit Gap:   0.0727

[2025-10-15 16:24:31] Epoch 3/10 | Batch 0/1 | Loss: 3.1312
[2025-10-15 16:24:31] 
Epoch 3/10 completed in 0.1s
  Train Loss:    3.1312
  Train Hit@1:   0.1091
  Val Loss:      4.2688
  Val Hit@1:     0.0000
  Val Hit@3:     0.0000
  Val Hit@10:    0.0000
  Val MRR:       0.0320
  Overfit Gap:   0.1091

[2025-10-15 16:24:31] Epoch 4/10 | Batch 0/1 | Loss: 3.1606
[2025-10-15 16:24:31] 
Epoch 4/10 completed in 0.1s
  Train Loss:    3.1606
  Train Hit@1:   0.1455
  Val Loss:      4.2648
  Val Hit@1:     0.0000
  Val Hit@3:     0.0000
  Val Hit@10:    0.0000
  Val MRR:       0.0389
  Overfit Gap:   0.1455

[2025-10-15 16:24:31] Epoch 5/10 | Batch 0/1 | Loss: 3.1262
[2025-10-15 16:24:31] 
Epoch 5/10 completed in 0.1s
  Train Loss:    3.1262
  Train Hit@1:   0.1455
  Val Loss:      4.2665
  Val Hit@1:     0.0000
  Val Hit@3:     0.0000
  Val Hit@10:    0.2500
  Val MRR:       0.0610
  Overfit Gap:   0.1455

[2025-10-15 16:24:31] Epoch 6/10 | Batch 0/1 | Loss: 3.0850
[2025-10-15 16:24:31] 
Epoch 6/10 completed in 0.1s
  Train Loss:    3.0850
  Train Hit@1:   0.1455
  Val Loss:      4.2704
  Val Hit@1:     0.0000
  Val Hit@3:     0.0000
  Val Hit@10:    0.2500
  Val MRR:       0.0695
  Overfit Gap:   0.1455

[2025-10-15 16:24:31] Epoch 7/10 | Batch 0/1 | Loss: 3.0390
[2025-10-15 16:24:31] 
Epoch 7/10 completed in 0.1s
  Train Loss:    3.0390
  Train Hit@1:   0.1455
  Val Loss:      4.2732
  Val Hit@1:     0.0000
  Val Hit@3:     0.0000
  Val Hit@10:    0.2500
  Val MRR:       0.0696
  Overfit Gap:   0.1455

[2025-10-15 16:24:31] Epoch 8/10 | Batch 0/1 | Loss: 3.0481
[2025-10-15 16:24:31] 
Epoch 8/10 completed in 0.1s
  Train Loss:    3.0481
  Train Hit@1:   0.1455
  Val Loss:      4.2747
  Val Hit@1:     0.0000
  Val Hit@3:     0.0000
  Val Hit@10:    0.2500
  Val MRR:       0.0699
  Overfit Gap:   0.1455

[2025-10-15 16:24:31] Epoch 9/10 | Batch 0/1 | Loss: 2.9675
[2025-10-15 16:24:31] 
Epoch 9/10 completed in 0.1s
  Train Loss:    2.9675
  Train Hit@1:   0.1455
  Val Loss:      4.2755
  Val Hit@1:     0.0000
  Val Hit@3:     0.0000
  Val Hit@10:    0.2500
  Val MRR:       0.0699
  Overfit Gap:   0.1455

[2025-10-15 16:24:31] Epoch 10/10 | Batch 0/1 | Loss: 2.9812
[2025-10-15 16:24:31] 
Epoch 10/10 completed in 0.1s
  Train Loss:    2.9812
  Train Hit@1:   0.1455
  Val Loss:      4.2767
  Val Hit@1:     0.0000
  Val Hit@3:     0.0000
  Val Hit@10:    0.2500
  Val MRR:       0.0616
  Overfit Gap:   0.1455

[2025-10-15 16:24:31] 
================================================================================
[2025-10-15 16:24:31] Running final test evaluation...
[2025-10-15 16:24:31] ================================================================================

[2025-10-15 16:24:32] 
FINAL TEST RESULTS:
  Test Loss:   3.0799
  Test Hit@1:  0.0000
  Test Hit@3:  0.0000
  Test Hit@10: 0.5000
  Test MRR:    0.1233
  Test Samples: 8

[2025-10-15 16:24:32] 
Training complete! Results saved to: experiments/phase1_quick_20251015_162428
