[2025-10-15 15:47:00] Starting Phase 1 training: phase1_baseline_gcn_20251015_154700
[2025-10-15 15:47:00] Configuration: {
  "json_dir": "data_processed/phase1",
  "spectral_dir": "data_processed/phase1/spectral",
  "val_fraction": 0.1,
  "test_fraction": 0.1,
  "hidden_dim": 128,
  "num_layers": 2,
  "dropout": 0.1,
  "epochs": 50,
  "batch_size": 1,
  "lr": 0.001,
  "weight_decay": 1e-05,
  "grad_clip": 1.0,
  "patience": 15,
  "exp_name": "baseline_gcn",
  "log_dir": "experiments",
  "device": "cpu",
  "seed": 42
}
[2025-10-15 15:47:00] Using device: cpu
[2025-10-15 15:47:00] Loading datasets...
[2025-10-15 15:47:00] Found 451 JSON files
[2025-10-15 15:47:00] Data split: 361 train, 45 val, 45 test
[2025-10-15 15:47:00] Dataset sizes: 573 train samples, 68 val, 82 test
[2025-10-15 15:47:00] Input features dimension: 19
[2025-10-15 15:47:00] Model parameters: 19,201
[2025-10-15 15:47:00] 
================================================================================
[2025-10-15 15:47:00] Starting training...
[2025-10-15 15:47:00] ================================================================================

[2025-10-15 15:47:00] Epoch 1/50 | Batch 0/573 | Loss: 3.7808
[2025-10-15 15:47:00] Epoch 1/50 | Batch 50/573 | Loss: 2.4024
[2025-10-15 15:47:00] Epoch 1/50 | Batch 100/573 | Loss: 4.0583
[2025-10-15 15:47:00] Epoch 1/50 | Batch 150/573 | Loss: 2.2655
[2025-10-15 15:47:00] Epoch 1/50 | Batch 200/573 | Loss: 3.4678
[2025-10-15 15:47:00] Epoch 1/50 | Batch 250/573 | Loss: 3.2228
[2025-10-15 15:47:00] Epoch 1/50 | Batch 300/573 | Loss: 3.3531
[2025-10-15 15:47:00] Epoch 1/50 | Batch 350/573 | Loss: 3.4331
[2025-10-15 15:47:00] Epoch 1/50 | Batch 400/573 | Loss: 3.0806
[2025-10-15 15:47:01] Epoch 1/50 | Batch 450/573 | Loss: 3.2583
[2025-10-15 15:47:01] Epoch 1/50 | Batch 500/573 | Loss: 2.6812
[2025-10-15 15:47:01] Epoch 1/50 | Batch 550/573 | Loss: 2.4941
[2025-10-15 15:47:01] 
Epoch 1/50 completed in 1.8s
  Train Loss:    3.1689
  Train Hit@1:   0.0401
  Val Loss:      2.9200
  Val Hit@1:     0.0882
  Val Hit@3:     0.2500
  Val Hit@10:    0.7794
  Val MRR:       0.2519
  Overfit Gap:   -0.0481

[2025-10-15 15:47:01] Saved best checkpoint (epoch 1)
[2025-10-15 15:47:01] Epoch 2/50 | Batch 0/573 | Loss: 2.9147
[2025-10-15 15:47:02] Epoch 2/50 | Batch 50/573 | Loss: 1.3144
[2025-10-15 15:47:02] Epoch 2/50 | Batch 100/573 | Loss: 2.2865
[2025-10-15 15:47:02] Epoch 2/50 | Batch 150/573 | Loss: 2.8359
[2025-10-15 15:47:02] Epoch 2/50 | Batch 200/573 | Loss: 1.4254
[2025-10-15 15:47:02] Epoch 2/50 | Batch 250/573 | Loss: 3.1581
[2025-10-15 15:47:02] Epoch 2/50 | Batch 300/573 | Loss: 5.2818
[2025-10-15 15:47:02] Epoch 2/50 | Batch 350/573 | Loss: 3.1338
[2025-10-15 15:47:02] Epoch 2/50 | Batch 400/573 | Loss: 3.9033
[2025-10-15 15:47:02] Epoch 2/50 | Batch 450/573 | Loss: 1.3368
[2025-10-15 15:47:02] Epoch 2/50 | Batch 500/573 | Loss: 2.8285
[2025-10-15 15:47:02] Epoch 2/50 | Batch 550/573 | Loss: 3.5422
[2025-10-15 15:47:03] 
Epoch 2/50 completed in 1.6s
  Train Loss:    3.0129
  Train Hit@1:   0.0820
  Val Loss:      2.8253
  Val Hit@1:     0.0735
  Val Hit@3:     0.2647
  Val Hit@10:    0.7941
  Val MRR:       0.2519
  Overfit Gap:   0.0085

[2025-10-15 15:47:03] Epoch 3/50 | Batch 0/573 | Loss: 2.8789
[2025-10-15 15:47:03] Epoch 3/50 | Batch 50/573 | Loss: 3.7151
[2025-10-15 15:47:03] Epoch 3/50 | Batch 100/573 | Loss: 2.0332
[2025-10-15 15:47:03] Epoch 3/50 | Batch 150/573 | Loss: 1.7576
[2025-10-15 15:47:03] Epoch 3/50 | Batch 200/573 | Loss: 2.8071
[2025-10-15 15:47:03] Epoch 3/50 | Batch 250/573 | Loss: 3.0111
[2025-10-15 15:47:04] Epoch 3/50 | Batch 300/573 | Loss: 1.7435
[2025-10-15 15:47:04] Epoch 3/50 | Batch 350/573 | Loss: 1.5758
[2025-10-15 15:47:04] Epoch 3/50 | Batch 400/573 | Loss: 4.0210
[2025-10-15 15:47:04] Epoch 3/50 | Batch 450/573 | Loss: 2.5129
[2025-10-15 15:47:04] Epoch 3/50 | Batch 500/573 | Loss: 2.3210
[2025-10-15 15:47:04] Epoch 3/50 | Batch 550/573 | Loss: 2.0922
[2025-10-15 15:47:05] 
Epoch 3/50 completed in 1.6s
  Train Loss:    2.9490
  Train Hit@1:   0.1082
  Val Loss:      2.7501
  Val Hit@1:     0.1765
  Val Hit@3:     0.3529
  Val Hit@10:    0.8088
  Val MRR:       0.3407
  Overfit Gap:   -0.0683

[2025-10-15 15:47:05] Saved best checkpoint (epoch 3)
[2025-10-15 15:47:05] Epoch 4/50 | Batch 0/573 | Loss: 2.5961
[2025-10-15 15:47:05] Epoch 4/50 | Batch 50/573 | Loss: 2.4039
[2025-10-15 15:47:05] Epoch 4/50 | Batch 100/573 | Loss: 1.9829
[2025-10-15 15:47:05] Epoch 4/50 | Batch 150/573 | Loss: 3.9594
[2025-10-15 15:47:05] Epoch 4/50 | Batch 200/573 | Loss: 3.4156
[2025-10-15 15:47:05] Epoch 4/50 | Batch 250/573 | Loss: 1.4930
[2025-10-15 15:47:05] Epoch 4/50 | Batch 300/573 | Loss: 1.6181
[2025-10-15 15:47:05] Epoch 4/50 | Batch 350/573 | Loss: 2.8250
[2025-10-15 15:47:05] Epoch 4/50 | Batch 400/573 | Loss: 1.8531
[2025-10-15 15:47:05] Epoch 4/50 | Batch 450/573 | Loss: 1.3710
[2025-10-15 15:47:05] Epoch 4/50 | Batch 500/573 | Loss: 4.3219
[2025-10-15 15:47:06] Epoch 4/50 | Batch 550/573 | Loss: 2.8690
[2025-10-15 15:47:06] 
Epoch 4/50 completed in 1.6s
  Train Loss:    2.9102
  Train Hit@1:   0.1030
  Val Loss:      2.6929
  Val Hit@1:     0.1471
  Val Hit@3:     0.3824
  Val Hit@10:    0.8235
  Val MRR:       0.3425
  Overfit Gap:   -0.0441

[2025-10-15 15:47:06] Epoch 5/50 | Batch 0/573 | Loss: 3.3956
[2025-10-15 15:47:06] Epoch 5/50 | Batch 50/573 | Loss: 3.0432
[2025-10-15 15:47:06] Epoch 5/50 | Batch 100/573 | Loss: 3.0099
[2025-10-15 15:47:07] Epoch 5/50 | Batch 150/573 | Loss: 4.0989
[2025-10-15 15:47:07] Epoch 5/50 | Batch 200/573 | Loss: 3.0701
[2025-10-15 15:47:07] Epoch 5/50 | Batch 250/573 | Loss: 3.5289
[2025-10-15 15:47:07] Epoch 5/50 | Batch 300/573 | Loss: 3.2191
[2025-10-15 15:47:07] Epoch 5/50 | Batch 350/573 | Loss: 2.8473
[2025-10-15 15:47:07] Epoch 5/50 | Batch 400/573 | Loss: 1.9590
[2025-10-15 15:47:07] Epoch 5/50 | Batch 450/573 | Loss: 3.2997
[2025-10-15 15:47:07] Epoch 5/50 | Batch 500/573 | Loss: 1.0010
[2025-10-15 15:47:07] Epoch 5/50 | Batch 550/573 | Loss: 3.6332
[2025-10-15 15:47:08] 
Epoch 5/50 completed in 1.7s
  Train Loss:    2.8745
  Train Hit@1:   0.1361
  Val Loss:      2.6968
  Val Hit@1:     0.1471
  Val Hit@3:     0.4118
  Val Hit@10:    0.8382
  Val MRR:       0.3463
  Overfit Gap:   -0.0109

[2025-10-15 15:47:08] Epoch 6/50 | Batch 0/573 | Loss: 4.3449
[2025-10-15 15:47:08] Epoch 6/50 | Batch 50/573 | Loss: 1.6805
[2025-10-15 15:47:08] Epoch 6/50 | Batch 100/573 | Loss: 4.4805
[2025-10-15 15:47:08] Epoch 6/50 | Batch 150/573 | Loss: 2.9601
[2025-10-15 15:47:08] Epoch 6/50 | Batch 200/573 | Loss: 2.1290
[2025-10-15 15:47:08] Epoch 6/50 | Batch 250/573 | Loss: 2.2612
[2025-10-15 15:47:08] Epoch 6/50 | Batch 300/573 | Loss: 2.9995
[2025-10-15 15:47:08] Epoch 6/50 | Batch 350/573 | Loss: 5.2714
[2025-10-15 15:47:09] Epoch 6/50 | Batch 400/573 | Loss: 1.6870
[2025-10-15 15:47:09] Epoch 6/50 | Batch 450/573 | Loss: 1.5949
[2025-10-15 15:47:09] Epoch 6/50 | Batch 500/573 | Loss: 3.4855
[2025-10-15 15:47:09] Epoch 6/50 | Batch 550/573 | Loss: 3.1164
[2025-10-15 15:47:10] 
Epoch 6/50 completed in 1.6s
  Train Loss:    2.8573
  Train Hit@1:   0.1449
  Val Loss:      2.6299
  Val Hit@1:     0.2059
  Val Hit@3:     0.4118
  Val Hit@10:    0.8382
  Val MRR:       0.3793
  Overfit Gap:   -0.0610

[2025-10-15 15:47:10] Saved best checkpoint (epoch 6)
[2025-10-15 15:47:10] Epoch 7/50 | Batch 0/573 | Loss: 3.3458
[2025-10-15 15:47:10] Epoch 7/50 | Batch 50/573 | Loss: 4.6250
[2025-10-15 15:47:10] Epoch 7/50 | Batch 100/573 | Loss: 2.2195
[2025-10-15 15:47:10] Epoch 7/50 | Batch 150/573 | Loss: 3.8429
[2025-10-15 15:47:10] Epoch 7/50 | Batch 200/573 | Loss: 2.6777
[2025-10-15 15:47:10] Epoch 7/50 | Batch 250/573 | Loss: 1.1804
[2025-10-15 15:47:10] Epoch 7/50 | Batch 300/573 | Loss: 3.9311
[2025-10-15 15:47:10] Epoch 7/50 | Batch 350/573 | Loss: 2.2287
[2025-10-15 15:47:10] Epoch 7/50 | Batch 400/573 | Loss: 3.4530
[2025-10-15 15:47:10] Epoch 7/50 | Batch 450/573 | Loss: 1.5281
[2025-10-15 15:47:10] Epoch 7/50 | Batch 500/573 | Loss: 2.4119
[2025-10-15 15:47:10] Epoch 7/50 | Batch 550/573 | Loss: 3.1780
[2025-10-15 15:47:11] 
Epoch 7/50 completed in 1.6s
  Train Loss:    2.8026
  Train Hit@1:   0.1571
  Val Loss:      2.7738
  Val Hit@1:     0.1471
  Val Hit@3:     0.3971
  Val Hit@10:    0.7647
  Val MRR:       0.3339
  Overfit Gap:   0.0100

[2025-10-15 15:47:11] Epoch 8/50 | Batch 0/573 | Loss: 2.0130
[2025-10-15 15:47:11] Epoch 8/50 | Batch 50/573 | Loss: 2.7887
[2025-10-15 15:47:11] Epoch 8/50 | Batch 100/573 | Loss: 2.1884
[2025-10-15 15:47:11] Epoch 8/50 | Batch 150/573 | Loss: 2.6156
[2025-10-15 15:47:11] Epoch 8/50 | Batch 200/573 | Loss: 2.4006
[2025-10-15 15:47:12] Epoch 8/50 | Batch 250/573 | Loss: 1.5957
[2025-10-15 15:47:12] Epoch 8/50 | Batch 300/573 | Loss: 3.3524
[2025-10-15 15:47:12] Epoch 8/50 | Batch 350/573 | Loss: 1.9810
[2025-10-15 15:47:12] Epoch 8/50 | Batch 400/573 | Loss: 2.5666
[2025-10-15 15:47:12] Epoch 8/50 | Batch 450/573 | Loss: 1.1535
[2025-10-15 15:47:12] Epoch 8/50 | Batch 500/573 | Loss: 4.0145
[2025-10-15 15:47:12] Epoch 8/50 | Batch 550/573 | Loss: 2.5447
[2025-10-15 15:47:13] 
Epoch 8/50 completed in 1.6s
  Train Loss:    2.8104
  Train Hit@1:   0.1763
  Val Loss:      2.7329
  Val Hit@1:     0.1765
  Val Hit@3:     0.3235
  Val Hit@10:    0.8235
  Val MRR:       0.3317
  Overfit Gap:   -0.0002

[2025-10-15 15:47:13] Epoch 9/50 | Batch 0/573 | Loss: 4.6675
[2025-10-15 15:47:13] Epoch 9/50 | Batch 50/573 | Loss: 1.8763
[2025-10-15 15:47:13] Epoch 9/50 | Batch 100/573 | Loss: 2.6800
[2025-10-15 15:47:13] Epoch 9/50 | Batch 150/573 | Loss: 4.8445
[2025-10-15 15:47:13] Epoch 9/50 | Batch 200/573 | Loss: 3.1332
[2025-10-15 15:47:13] Epoch 9/50 | Batch 250/573 | Loss: 2.4817
[2025-10-15 15:47:13] Epoch 9/50 | Batch 300/573 | Loss: 1.8886
[2025-10-15 15:47:13] Epoch 9/50 | Batch 350/573 | Loss: 2.5942
[2025-10-15 15:47:13] Epoch 9/50 | Batch 400/573 | Loss: 2.5395
[2025-10-15 15:47:13] Epoch 9/50 | Batch 450/573 | Loss: 2.0719
[2025-10-15 15:47:14] Epoch 9/50 | Batch 500/573 | Loss: 2.9099
[2025-10-15 15:47:14] Epoch 9/50 | Batch 550/573 | Loss: 3.4031
[2025-10-15 15:47:14] 
Epoch 9/50 completed in 1.6s
  Train Loss:    2.7733
  Train Hit@1:   0.2129
  Val Loss:      2.6922
  Val Hit@1:     0.1765
  Val Hit@3:     0.3529
  Val Hit@10:    0.8235
  Val MRR:       0.3537
  Overfit Gap:   0.0364

[2025-10-15 15:47:14] Epoch 10/50 | Batch 0/573 | Loss: 1.5046
[2025-10-15 15:47:14] Epoch 10/50 | Batch 50/573 | Loss: 1.8814
[2025-10-15 15:47:14] Epoch 10/50 | Batch 100/573 | Loss: 4.5622
[2025-10-15 15:47:15] Epoch 10/50 | Batch 150/573 | Loss: 1.1346
[2025-10-15 15:47:15] Epoch 10/50 | Batch 200/573 | Loss: 2.6907
[2025-10-15 15:47:15] Epoch 10/50 | Batch 250/573 | Loss: 1.0747
[2025-10-15 15:47:15] Epoch 10/50 | Batch 300/573 | Loss: 1.7401
[2025-10-15 15:47:15] Epoch 10/50 | Batch 350/573 | Loss: 3.1195
[2025-10-15 15:47:15] Epoch 10/50 | Batch 400/573 | Loss: 1.5049
[2025-10-15 15:47:15] Epoch 10/50 | Batch 450/573 | Loss: 1.6272
[2025-10-15 15:47:15] Epoch 10/50 | Batch 500/573 | Loss: 2.5894
[2025-10-15 15:47:15] Epoch 10/50 | Batch 550/573 | Loss: 1.1660
[2025-10-15 15:47:16] 
Epoch 10/50 completed in 1.7s
  Train Loss:    2.7405
  Train Hit@1:   0.1885
  Val Loss:      2.7549
  Val Hit@1:     0.1618
  Val Hit@3:     0.3971
  Val Hit@10:    0.8235
  Val MRR:       0.3516
  Overfit Gap:   0.0267

[2025-10-15 15:47:16] Epoch 11/50 | Batch 0/573 | Loss: 3.7921
[2025-10-15 15:47:16] Epoch 11/50 | Batch 50/573 | Loss: 2.4458
[2025-10-15 15:47:16] Epoch 11/50 | Batch 100/573 | Loss: 2.2350
[2025-10-15 15:47:16] Epoch 11/50 | Batch 150/573 | Loss: 2.2064
[2025-10-15 15:47:16] Epoch 11/50 | Batch 200/573 | Loss: 0.5652
[2025-10-15 15:47:16] Epoch 11/50 | Batch 250/573 | Loss: 2.2406
[2025-10-15 15:47:16] Epoch 11/50 | Batch 300/573 | Loss: 1.3198
[2025-10-15 15:47:17] Epoch 11/50 | Batch 350/573 | Loss: 2.1769
[2025-10-15 15:47:17] Epoch 11/50 | Batch 400/573 | Loss: 1.7648
[2025-10-15 15:47:17] Epoch 11/50 | Batch 450/573 | Loss: 2.7432
[2025-10-15 15:47:17] Epoch 11/50 | Batch 500/573 | Loss: 3.0119
[2025-10-15 15:47:17] Epoch 11/50 | Batch 550/573 | Loss: 2.2745
[2025-10-15 15:47:18] 
Epoch 11/50 completed in 1.6s
  Train Loss:    2.7178
  Train Hit@1:   0.2077
  Val Loss:      2.6991
  Val Hit@1:     0.1912
  Val Hit@3:     0.4265
  Val Hit@10:    0.7941
  Val MRR:       0.3692
  Overfit Gap:   0.0165

[2025-10-15 15:47:18] Epoch 12/50 | Batch 0/573 | Loss: 3.2743
[2025-10-15 15:47:18] Epoch 12/50 | Batch 50/573 | Loss: 4.5565
[2025-10-15 15:47:18] Epoch 12/50 | Batch 100/573 | Loss: 1.3554
[2025-10-15 15:47:18] Epoch 12/50 | Batch 150/573 | Loss: 2.2279
[2025-10-15 15:47:18] Epoch 12/50 | Batch 200/573 | Loss: 3.7491
[2025-10-15 15:47:18] Epoch 12/50 | Batch 250/573 | Loss: 1.2949
[2025-10-15 15:47:18] Epoch 12/50 | Batch 300/573 | Loss: 3.0764
[2025-10-15 15:47:18] Epoch 12/50 | Batch 350/573 | Loss: 2.1906
[2025-10-15 15:47:18] Epoch 12/50 | Batch 400/573 | Loss: 0.8833
[2025-10-15 15:47:18] Epoch 12/50 | Batch 450/573 | Loss: 5.7320
[2025-10-15 15:47:18] Epoch 12/50 | Batch 500/573 | Loss: 4.3363
[2025-10-15 15:47:18] Epoch 12/50 | Batch 550/573 | Loss: 2.3847
[2025-10-15 15:47:19] 
Epoch 12/50 completed in 1.6s
  Train Loss:    2.7354
  Train Hit@1:   0.2042
  Val Loss:      2.9087
  Val Hit@1:     0.1029
  Val Hit@3:     0.3529
  Val Hit@10:    0.8088
  Val MRR:       0.3044
  Overfit Gap:   0.1012

[2025-10-15 15:47:19] Epoch 13/50 | Batch 0/573 | Loss: 3.3875
[2025-10-15 15:47:19] Epoch 13/50 | Batch 50/573 | Loss: 1.2449
[2025-10-15 15:47:19] Epoch 13/50 | Batch 100/573 | Loss: 3.6488
[2025-10-15 15:47:19] Epoch 13/50 | Batch 150/573 | Loss: 4.7951
[2025-10-15 15:47:19] Epoch 13/50 | Batch 200/573 | Loss: 2.7274
[2025-10-15 15:47:20] Epoch 13/50 | Batch 250/573 | Loss: 1.1316
[2025-10-15 15:47:20] Epoch 13/50 | Batch 300/573 | Loss: 3.3180
[2025-10-15 15:47:20] Epoch 13/50 | Batch 350/573 | Loss: 2.6591
[2025-10-15 15:47:20] Epoch 13/50 | Batch 400/573 | Loss: 1.7398
[2025-10-15 15:47:20] Epoch 13/50 | Batch 450/573 | Loss: 5.5321
[2025-10-15 15:47:20] Epoch 13/50 | Batch 500/573 | Loss: 0.8590
[2025-10-15 15:47:20] Epoch 13/50 | Batch 550/573 | Loss: 3.7765
[2025-10-15 15:47:21] 
Epoch 13/50 completed in 1.6s
  Train Loss:    2.6625
  Train Hit@1:   0.2339
  Val Loss:      2.7779
  Val Hit@1:     0.1471
  Val Hit@3:     0.3382
  Val Hit@10:    0.8235
  Val MRR:       0.3293
  Overfit Gap:   0.0868

[2025-10-15 15:47:21] Epoch 14/50 | Batch 0/573 | Loss: 4.0871
[2025-10-15 15:47:21] Epoch 14/50 | Batch 50/573 | Loss: 1.8752
[2025-10-15 15:47:21] Epoch 14/50 | Batch 100/573 | Loss: 1.5832
[2025-10-15 15:47:21] Epoch 14/50 | Batch 150/573 | Loss: 1.4935
[2025-10-15 15:47:21] Epoch 14/50 | Batch 200/573 | Loss: 2.6284
[2025-10-15 15:47:21] Epoch 14/50 | Batch 250/573 | Loss: 1.8134
[2025-10-15 15:47:21] Epoch 14/50 | Batch 300/573 | Loss: 3.1090
[2025-10-15 15:47:21] Epoch 14/50 | Batch 350/573 | Loss: 3.2164
[2025-10-15 15:47:21] Epoch 14/50 | Batch 400/573 | Loss: 2.4728
[2025-10-15 15:47:21] Epoch 14/50 | Batch 450/573 | Loss: 3.4745
[2025-10-15 15:47:22] Epoch 14/50 | Batch 500/573 | Loss: 6.2717
[2025-10-15 15:47:22] Epoch 14/50 | Batch 550/573 | Loss: 3.3010
[2025-10-15 15:47:22] 
Epoch 14/50 completed in 1.6s
  Train Loss:    2.6193
  Train Hit@1:   0.2478
  Val Loss:      2.7684
  Val Hit@1:     0.1618
  Val Hit@3:     0.3529
  Val Hit@10:    0.8235
  Val MRR:       0.3390
  Overfit Gap:   0.0861

[2025-10-15 15:47:22] Epoch 15/50 | Batch 0/573 | Loss: 1.8493
[2025-10-15 15:47:22] Epoch 15/50 | Batch 50/573 | Loss: 0.9872
[2025-10-15 15:47:23] Epoch 15/50 | Batch 100/573 | Loss: 3.9422
[2025-10-15 15:47:23] Epoch 15/50 | Batch 150/573 | Loss: 4.8263
[2025-10-15 15:47:23] Epoch 15/50 | Batch 200/573 | Loss: 3.3313
[2025-10-15 15:47:23] Epoch 15/50 | Batch 250/573 | Loss: 1.7156
[2025-10-15 15:47:23] Epoch 15/50 | Batch 300/573 | Loss: 1.5344
[2025-10-15 15:47:23] Epoch 15/50 | Batch 350/573 | Loss: 2.6692
[2025-10-15 15:47:23] Epoch 15/50 | Batch 400/573 | Loss: 3.1497
[2025-10-15 15:47:23] Epoch 15/50 | Batch 450/573 | Loss: 0.5433
[2025-10-15 15:47:23] Epoch 15/50 | Batch 500/573 | Loss: 3.9115
[2025-10-15 15:47:23] Epoch 15/50 | Batch 550/573 | Loss: 1.6840
[2025-10-15 15:47:24] 
Epoch 15/50 completed in 1.6s
  Train Loss:    2.5993
  Train Hit@1:   0.2600
  Val Loss:      2.7240
  Val Hit@1:     0.2059
  Val Hit@3:     0.3824
  Val Hit@10:    0.8382
  Val MRR:       0.3689
  Overfit Gap:   0.0542

[2025-10-15 15:47:24] Epoch 16/50 | Batch 0/573 | Loss: 2.7948
[2025-10-15 15:47:24] Epoch 16/50 | Batch 50/573 | Loss: 3.1366
[2025-10-15 15:47:24] Epoch 16/50 | Batch 100/573 | Loss: 2.5460
[2025-10-15 15:47:24] Epoch 16/50 | Batch 150/573 | Loss: 2.3945
[2025-10-15 15:47:24] Epoch 16/50 | Batch 200/573 | Loss: 1.1395
[2025-10-15 15:47:24] Epoch 16/50 | Batch 250/573 | Loss: 1.0279
[2025-10-15 15:47:24] Epoch 16/50 | Batch 300/573 | Loss: 2.0065
[2025-10-15 15:47:25] Epoch 16/50 | Batch 350/573 | Loss: 0.6169
[2025-10-15 15:47:25] Epoch 16/50 | Batch 400/573 | Loss: 1.3398
[2025-10-15 15:47:25] Epoch 16/50 | Batch 450/573 | Loss: 1.5104
[2025-10-15 15:47:25] Epoch 16/50 | Batch 500/573 | Loss: 2.1446
[2025-10-15 15:47:25] Epoch 16/50 | Batch 550/573 | Loss: 3.7388
[2025-10-15 15:47:26] 
Epoch 16/50 completed in 1.6s
  Train Loss:    2.5735
  Train Hit@1:   0.2548
  Val Loss:      2.8184
  Val Hit@1:     0.1912
  Val Hit@3:     0.3824
  Val Hit@10:    0.8235
  Val MRR:       0.3611
  Overfit Gap:   0.0636

[2025-10-15 15:47:26] Epoch 17/50 | Batch 0/573 | Loss: 1.7044
[2025-10-15 15:47:26] Epoch 17/50 | Batch 50/573 | Loss: 2.7803
[2025-10-15 15:47:26] Epoch 17/50 | Batch 100/573 | Loss: 1.1836
[2025-10-15 15:47:26] Epoch 17/50 | Batch 150/573 | Loss: 3.1122
[2025-10-15 15:47:26] Epoch 17/50 | Batch 200/573 | Loss: 2.4853
[2025-10-15 15:47:26] Epoch 17/50 | Batch 250/573 | Loss: 2.2899
[2025-10-15 15:47:26] Epoch 17/50 | Batch 300/573 | Loss: 1.9611
[2025-10-15 15:47:26] Epoch 17/50 | Batch 350/573 | Loss: 1.3593
[2025-10-15 15:47:26] Epoch 17/50 | Batch 400/573 | Loss: 4.0300
[2025-10-15 15:47:26] Epoch 17/50 | Batch 450/573 | Loss: 3.8730
[2025-10-15 15:47:26] Epoch 17/50 | Batch 500/573 | Loss: 4.1493
[2025-10-15 15:47:26] Epoch 17/50 | Batch 550/573 | Loss: 3.4833
[2025-10-15 15:47:27] 
Epoch 17/50 completed in 1.6s
  Train Loss:    2.6103
  Train Hit@1:   0.2723
  Val Loss:      2.8614
  Val Hit@1:     0.1471
  Val Hit@3:     0.3235
  Val Hit@10:    0.8382
  Val MRR:       0.3249
  Overfit Gap:   0.1252

[2025-10-15 15:47:27] Epoch 18/50 | Batch 0/573 | Loss: 1.7175
[2025-10-15 15:47:27] Epoch 18/50 | Batch 50/573 | Loss: 5.0808
[2025-10-15 15:47:27] Epoch 18/50 | Batch 100/573 | Loss: 2.6741
[2025-10-15 15:47:27] Epoch 18/50 | Batch 150/573 | Loss: 2.4252
[2025-10-15 15:47:27] Epoch 18/50 | Batch 200/573 | Loss: 1.4428
[2025-10-15 15:47:28] Epoch 18/50 | Batch 250/573 | Loss: 5.0311
[2025-10-15 15:47:28] Epoch 18/50 | Batch 300/573 | Loss: 1.7305
[2025-10-15 15:47:28] Epoch 18/50 | Batch 350/573 | Loss: 1.3470
[2025-10-15 15:47:28] Epoch 18/50 | Batch 400/573 | Loss: 2.2783
[2025-10-15 15:47:28] Epoch 18/50 | Batch 450/573 | Loss: 1.2754
[2025-10-15 15:47:28] Epoch 18/50 | Batch 500/573 | Loss: 0.8924
[2025-10-15 15:47:28] Epoch 18/50 | Batch 550/573 | Loss: 2.9215
[2025-10-15 15:47:29] 
Epoch 18/50 completed in 1.6s
  Train Loss:    2.5583
  Train Hit@1:   0.2723
  Val Loss:      2.7635
  Val Hit@1:     0.2500
  Val Hit@3:     0.3676
  Val Hit@10:    0.8382
  Val MRR:       0.3910
  Overfit Gap:   0.0223

[2025-10-15 15:47:29] Saved best checkpoint (epoch 18)
[2025-10-15 15:47:29] Epoch 19/50 | Batch 0/573 | Loss: 2.8767
[2025-10-15 15:47:29] Epoch 19/50 | Batch 50/573 | Loss: 4.0612
[2025-10-15 15:47:29] Epoch 19/50 | Batch 100/573 | Loss: 2.0811
[2025-10-15 15:47:29] Epoch 19/50 | Batch 150/573 | Loss: 3.3234
[2025-10-15 15:47:29] Epoch 19/50 | Batch 200/573 | Loss: 1.2832
[2025-10-15 15:47:29] Epoch 19/50 | Batch 250/573 | Loss: 1.2350
[2025-10-15 15:47:29] Epoch 19/50 | Batch 300/573 | Loss: 3.7260
[2025-10-15 15:47:29] Epoch 19/50 | Batch 350/573 | Loss: 4.1207
[2025-10-15 15:47:29] Epoch 19/50 | Batch 400/573 | Loss: 2.5181
[2025-10-15 15:47:30] Epoch 19/50 | Batch 450/573 | Loss: 1.6022
[2025-10-15 15:47:30] Epoch 19/50 | Batch 500/573 | Loss: 0.7449
[2025-10-15 15:47:30] Epoch 19/50 | Batch 550/573 | Loss: 2.3401
[2025-10-15 15:47:30] 
Epoch 19/50 completed in 1.6s
  Train Loss:    2.5475
  Train Hit@1:   0.2827
  Val Loss:      2.8456
  Val Hit@1:     0.1471
  Val Hit@3:     0.3382
  Val Hit@10:    0.8529
  Val MRR:       0.3225
  Overfit Gap:   0.1357

[2025-10-15 15:47:30] Epoch 20/50 | Batch 0/573 | Loss: 1.5759
[2025-10-15 15:47:30] Epoch 20/50 | Batch 50/573 | Loss: 3.4784
[2025-10-15 15:47:31] Epoch 20/50 | Batch 100/573 | Loss: 1.2418
[2025-10-15 15:47:31] Epoch 20/50 | Batch 150/573 | Loss: 5.6658
[2025-10-15 15:47:31] Epoch 20/50 | Batch 200/573 | Loss: 2.3530
[2025-10-15 15:47:31] Epoch 20/50 | Batch 250/573 | Loss: 0.4917
[2025-10-15 15:47:31] Epoch 20/50 | Batch 300/573 | Loss: 2.3641
[2025-10-15 15:47:31] Epoch 20/50 | Batch 350/573 | Loss: 2.2651
[2025-10-15 15:47:31] Epoch 20/50 | Batch 400/573 | Loss: 2.4468
[2025-10-15 15:47:31] Epoch 20/50 | Batch 450/573 | Loss: 2.8056
[2025-10-15 15:47:31] Epoch 20/50 | Batch 500/573 | Loss: 2.0193
[2025-10-15 15:47:31] Epoch 20/50 | Batch 550/573 | Loss: 1.3755
[2025-10-15 15:47:32] 
Epoch 20/50 completed in 1.6s
  Train Loss:    2.5327
  Train Hit@1:   0.2880
  Val Loss:      2.8497
  Val Hit@1:     0.1912
  Val Hit@3:     0.3824
  Val Hit@10:    0.8088
  Val MRR:       0.3574
  Overfit Gap:   0.0968

[2025-10-15 15:47:32] Epoch 21/50 | Batch 0/573 | Loss: 0.2985
[2025-10-15 15:47:32] Epoch 21/50 | Batch 50/573 | Loss: 0.5192
[2025-10-15 15:47:32] Epoch 21/50 | Batch 100/573 | Loss: 0.4863
[2025-10-15 15:47:32] Epoch 21/50 | Batch 150/573 | Loss: 0.8285
[2025-10-15 15:47:32] Epoch 21/50 | Batch 200/573 | Loss: 2.1510
[2025-10-15 15:47:32] Epoch 21/50 | Batch 250/573 | Loss: 2.7324
[2025-10-15 15:47:32] Epoch 21/50 | Batch 300/573 | Loss: 3.3631
[2025-10-15 15:47:32] Epoch 21/50 | Batch 350/573 | Loss: 7.0043
[2025-10-15 15:47:33] Epoch 21/50 | Batch 400/573 | Loss: 1.6314
[2025-10-15 15:47:33] Epoch 21/50 | Batch 450/573 | Loss: 3.1388
[2025-10-15 15:47:33] Epoch 21/50 | Batch 500/573 | Loss: 4.3364
[2025-10-15 15:47:33] Epoch 21/50 | Batch 550/573 | Loss: 3.0593
[2025-10-15 15:47:34] 
Epoch 21/50 completed in 1.6s
  Train Loss:    2.5616
  Train Hit@1:   0.2827
  Val Loss:      2.9006
  Val Hit@1:     0.1618
  Val Hit@3:     0.3235
  Val Hit@10:    0.8382
  Val MRR:       0.3312
  Overfit Gap:   0.1210

[2025-10-15 15:47:34] Epoch 22/50 | Batch 0/573 | Loss: 1.2701
[2025-10-15 15:47:34] Epoch 22/50 | Batch 50/573 | Loss: 2.5096
[2025-10-15 15:47:34] Epoch 22/50 | Batch 100/573 | Loss: 3.2117
[2025-10-15 15:47:34] Epoch 22/50 | Batch 150/573 | Loss: 3.6267
[2025-10-15 15:47:34] Epoch 22/50 | Batch 200/573 | Loss: 1.8275
[2025-10-15 15:47:34] Epoch 22/50 | Batch 250/573 | Loss: 2.8186
[2025-10-15 15:47:34] Epoch 22/50 | Batch 300/573 | Loss: 1.4931
[2025-10-15 15:47:34] Epoch 22/50 | Batch 350/573 | Loss: 6.8989
[2025-10-15 15:47:34] Epoch 22/50 | Batch 400/573 | Loss: 1.0730
[2025-10-15 15:47:34] Epoch 22/50 | Batch 450/573 | Loss: 1.7001
[2025-10-15 15:47:34] Epoch 22/50 | Batch 500/573 | Loss: 1.4720
[2025-10-15 15:47:34] Epoch 22/50 | Batch 550/573 | Loss: 2.7916
[2025-10-15 15:47:35] 
Epoch 22/50 completed in 1.6s
  Train Loss:    2.5882
  Train Hit@1:   0.2810
  Val Loss:      2.9845
  Val Hit@1:     0.1618
  Val Hit@3:     0.3529
  Val Hit@10:    0.7941
  Val MRR:       0.3299
  Overfit Gap:   0.1192

[2025-10-15 15:47:35] Epoch 23/50 | Batch 0/573 | Loss: 2.5823
[2025-10-15 15:47:35] Epoch 23/50 | Batch 50/573 | Loss: 2.4752
[2025-10-15 15:47:35] Epoch 23/50 | Batch 100/573 | Loss: 3.6553
[2025-10-15 15:47:35] Epoch 23/50 | Batch 150/573 | Loss: 3.5956
[2025-10-15 15:47:35] Epoch 23/50 | Batch 200/573 | Loss: 1.8518
[2025-10-15 15:47:36] Epoch 23/50 | Batch 250/573 | Loss: 1.6559
[2025-10-15 15:47:36] Epoch 23/50 | Batch 300/573 | Loss: 2.6548
[2025-10-15 15:47:36] Epoch 23/50 | Batch 350/573 | Loss: 1.7397
[2025-10-15 15:47:36] Epoch 23/50 | Batch 400/573 | Loss: 1.5098
[2025-10-15 15:47:36] Epoch 23/50 | Batch 450/573 | Loss: 1.1216
[2025-10-15 15:47:36] Epoch 23/50 | Batch 500/573 | Loss: 0.6318
[2025-10-15 15:47:36] Epoch 23/50 | Batch 550/573 | Loss: 1.3553
[2025-10-15 15:47:37] 
Epoch 23/50 completed in 1.6s
  Train Loss:    2.5434
  Train Hit@1:   0.2984
  Val Loss:      2.8401
  Val Hit@1:     0.2059
  Val Hit@3:     0.4118
  Val Hit@10:    0.8235
  Val MRR:       0.3707
  Overfit Gap:   0.0925

[2025-10-15 15:47:37] Epoch 24/50 | Batch 0/573 | Loss: 3.4426
[2025-10-15 15:47:37] Epoch 24/50 | Batch 50/573 | Loss: 3.6492
[2025-10-15 15:47:37] Epoch 24/50 | Batch 100/573 | Loss: 2.8237
[2025-10-15 15:47:37] Epoch 24/50 | Batch 150/573 | Loss: 2.3445
[2025-10-15 15:47:37] Epoch 24/50 | Batch 200/573 | Loss: 1.4561
[2025-10-15 15:47:37] Epoch 24/50 | Batch 250/573 | Loss: 2.3114
[2025-10-15 15:47:37] Epoch 24/50 | Batch 300/573 | Loss: 2.2856
[2025-10-15 15:47:37] Epoch 24/50 | Batch 350/573 | Loss: 3.0934
[2025-10-15 15:47:37] Epoch 24/50 | Batch 400/573 | Loss: 1.4221
[2025-10-15 15:47:37] Epoch 24/50 | Batch 450/573 | Loss: 0.0598
[2025-10-15 15:47:38] Epoch 24/50 | Batch 500/573 | Loss: 2.3067
[2025-10-15 15:47:38] Epoch 24/50 | Batch 550/573 | Loss: 1.5025
[2025-10-15 15:47:38] 
Epoch 24/50 completed in 1.6s
  Train Loss:    2.5343
  Train Hit@1:   0.3159
  Val Loss:      3.0163
  Val Hit@1:     0.1324
  Val Hit@3:     0.3529
  Val Hit@10:    0.7794
  Val MRR:       0.3194
  Overfit Gap:   0.1835

[2025-10-15 15:47:38] Epoch 25/50 | Batch 0/573 | Loss: 2.8224
[2025-10-15 15:47:38] Epoch 25/50 | Batch 50/573 | Loss: 2.4214
[2025-10-15 15:47:38] Epoch 25/50 | Batch 100/573 | Loss: 2.9074
[2025-10-15 15:47:39] Epoch 25/50 | Batch 150/573 | Loss: 1.7674
[2025-10-15 15:47:39] Epoch 25/50 | Batch 200/573 | Loss: 3.4889
[2025-10-15 15:47:39] Epoch 25/50 | Batch 250/573 | Loss: 1.4950
[2025-10-15 15:47:39] Epoch 25/50 | Batch 300/573 | Loss: 1.2911
[2025-10-15 15:47:39] Epoch 25/50 | Batch 350/573 | Loss: 1.0683
[2025-10-15 15:47:39] Epoch 25/50 | Batch 400/573 | Loss: 2.1110
[2025-10-15 15:47:39] Epoch 25/50 | Batch 450/573 | Loss: 1.1872
[2025-10-15 15:47:39] Epoch 25/50 | Batch 500/573 | Loss: 3.7587
[2025-10-15 15:47:39] Epoch 25/50 | Batch 550/573 | Loss: 4.3639
[2025-10-15 15:47:40] 
Epoch 25/50 completed in 1.6s
  Train Loss:    2.4557
  Train Hit@1:   0.3124
  Val Loss:      2.9806
  Val Hit@1:     0.1324
  Val Hit@3:     0.4118
  Val Hit@10:    0.7941
  Val MRR:       0.3266
  Overfit Gap:   0.1800

[2025-10-15 15:47:40] Epoch 26/50 | Batch 0/573 | Loss: 1.9374
[2025-10-15 15:47:40] Epoch 26/50 | Batch 50/573 | Loss: 6.1418
[2025-10-15 15:47:40] Epoch 26/50 | Batch 100/573 | Loss: 2.1655
[2025-10-15 15:47:40] Epoch 26/50 | Batch 150/573 | Loss: 5.2126
[2025-10-15 15:47:40] Epoch 26/50 | Batch 200/573 | Loss: 3.2364
[2025-10-15 15:47:40] Epoch 26/50 | Batch 250/573 | Loss: 2.2501
[2025-10-15 15:47:40] Epoch 26/50 | Batch 300/573 | Loss: 1.6028
[2025-10-15 15:47:40] Epoch 26/50 | Batch 350/573 | Loss: 0.9811
[2025-10-15 15:47:41] Epoch 26/50 | Batch 400/573 | Loss: 0.9966
[2025-10-15 15:47:41] Epoch 26/50 | Batch 450/573 | Loss: 2.7209
[2025-10-15 15:47:41] Epoch 26/50 | Batch 500/573 | Loss: 2.3493
[2025-10-15 15:47:41] Epoch 26/50 | Batch 550/573 | Loss: 0.0868
[2025-10-15 15:47:41] 
Epoch 26/50 completed in 1.6s
  Train Loss:    2.4548
  Train Hit@1:   0.3194
  Val Loss:      2.9964
  Val Hit@1:     0.1471
  Val Hit@3:     0.3676
  Val Hit@10:    0.8088
  Val MRR:       0.3271
  Overfit Gap:   0.1723

[2025-10-15 15:47:42] Epoch 27/50 | Batch 0/573 | Loss: 3.2264
[2025-10-15 15:47:42] Epoch 27/50 | Batch 50/573 | Loss: 0.8573
[2025-10-15 15:47:42] Epoch 27/50 | Batch 100/573 | Loss: 1.2855
[2025-10-15 15:47:42] Epoch 27/50 | Batch 150/573 | Loss: 0.8869
[2025-10-15 15:47:42] Epoch 27/50 | Batch 200/573 | Loss: 4.3038
[2025-10-15 15:47:42] Epoch 27/50 | Batch 250/573 | Loss: 3.9143
[2025-10-15 15:47:42] Epoch 27/50 | Batch 300/573 | Loss: 1.1446
[2025-10-15 15:47:42] Epoch 27/50 | Batch 350/573 | Loss: 1.6712
[2025-10-15 15:47:42] Epoch 27/50 | Batch 400/573 | Loss: 1.6611
[2025-10-15 15:47:42] Epoch 27/50 | Batch 450/573 | Loss: 2.1031
[2025-10-15 15:47:42] Epoch 27/50 | Batch 500/573 | Loss: 3.7386
[2025-10-15 15:47:43] Epoch 27/50 | Batch 550/573 | Loss: 2.4561
[2025-10-15 15:47:43] 
Epoch 27/50 completed in 1.8s
  Train Loss:    2.4484
  Train Hit@1:   0.3421
  Val Loss:      2.9637
  Val Hit@1:     0.1912
  Val Hit@3:     0.3676
  Val Hit@10:    0.7941
  Val MRR:       0.3480
  Overfit Gap:   0.1509

[2025-10-15 15:47:43] Epoch 28/50 | Batch 0/573 | Loss: 3.1437
[2025-10-15 15:47:43] Epoch 28/50 | Batch 50/573 | Loss: 3.3467
[2025-10-15 15:47:43] Epoch 28/50 | Batch 100/573 | Loss: 2.7642
[2025-10-15 15:47:44] Epoch 28/50 | Batch 150/573 | Loss: 3.9601
[2025-10-15 15:47:44] Epoch 28/50 | Batch 200/573 | Loss: 3.9847
[2025-10-15 15:47:44] Epoch 28/50 | Batch 250/573 | Loss: 1.9529
[2025-10-15 15:47:44] Epoch 28/50 | Batch 300/573 | Loss: 4.0213
[2025-10-15 15:47:44] Epoch 28/50 | Batch 350/573 | Loss: 1.7105
[2025-10-15 15:47:44] Epoch 28/50 | Batch 400/573 | Loss: 1.6812
[2025-10-15 15:47:44] Epoch 28/50 | Batch 450/573 | Loss: 1.2847
[2025-10-15 15:47:44] Epoch 28/50 | Batch 500/573 | Loss: 2.2570
[2025-10-15 15:47:44] Epoch 28/50 | Batch 550/573 | Loss: 0.7758
[2025-10-15 15:47:45] 
Epoch 28/50 completed in 1.6s
  Train Loss:    2.4057
  Train Hit@1:   0.3264
  Val Loss:      2.9645
  Val Hit@1:     0.1618
  Val Hit@3:     0.3676
  Val Hit@10:    0.8088
  Val MRR:       0.3369
  Overfit Gap:   0.1646

[2025-10-15 15:47:45] Epoch 29/50 | Batch 0/573 | Loss: 0.5331
[2025-10-15 15:47:45] Epoch 29/50 | Batch 50/573 | Loss: 0.5381
[2025-10-15 15:47:45] Epoch 29/50 | Batch 100/573 | Loss: 1.8094
[2025-10-15 15:47:45] Epoch 29/50 | Batch 150/573 | Loss: 4.4311
[2025-10-15 15:47:45] Epoch 29/50 | Batch 200/573 | Loss: 1.5322
[2025-10-15 15:47:45] Epoch 29/50 | Batch 250/573 | Loss: 3.1463
[2025-10-15 15:47:45] Epoch 29/50 | Batch 300/573 | Loss: 0.6051
[2025-10-15 15:47:45] Epoch 29/50 | Batch 350/573 | Loss: 5.0537
[2025-10-15 15:47:46] Epoch 29/50 | Batch 400/573 | Loss: 0.3099
[2025-10-15 15:47:46] Epoch 29/50 | Batch 450/573 | Loss: 3.9332
[2025-10-15 15:47:46] Epoch 29/50 | Batch 500/573 | Loss: 0.5398
[2025-10-15 15:47:46] Epoch 29/50 | Batch 550/573 | Loss: 2.7656
[2025-10-15 15:47:46] 
Epoch 29/50 completed in 1.6s
  Train Loss:    2.4251
  Train Hit@1:   0.3316
  Val Loss:      2.9496
  Val Hit@1:     0.2500
  Val Hit@3:     0.3824
  Val Hit@10:    0.8088
  Val MRR:       0.3867
  Overfit Gap:   0.0816

[2025-10-15 15:47:46] Epoch 30/50 | Batch 0/573 | Loss: 5.9893
[2025-10-15 15:47:47] Epoch 30/50 | Batch 50/573 | Loss: 6.9750
[2025-10-15 15:47:47] Epoch 30/50 | Batch 100/573 | Loss: 1.3450
[2025-10-15 15:47:47] Epoch 30/50 | Batch 150/573 | Loss: 7.1173
[2025-10-15 15:47:47] Epoch 30/50 | Batch 200/573 | Loss: 1.4978
[2025-10-15 15:47:47] Epoch 30/50 | Batch 250/573 | Loss: 0.2097
[2025-10-15 15:47:47] Epoch 30/50 | Batch 300/573 | Loss: 0.3426
[2025-10-15 15:47:47] Epoch 30/50 | Batch 350/573 | Loss: 3.7260
[2025-10-15 15:47:47] Epoch 30/50 | Batch 400/573 | Loss: 1.7692
[2025-10-15 15:47:47] Epoch 30/50 | Batch 450/573 | Loss: 2.1140
[2025-10-15 15:47:47] Epoch 30/50 | Batch 500/573 | Loss: 4.2718
[2025-10-15 15:47:47] Epoch 30/50 | Batch 550/573 | Loss: 2.7745
[2025-10-15 15:47:48] 
Epoch 30/50 completed in 1.7s
  Train Loss:    2.4444
  Train Hit@1:   0.3386
  Val Loss:      2.9957
  Val Hit@1:     0.1765
  Val Hit@3:     0.3235
  Val Hit@10:    0.7941
  Val MRR:       0.3421
  Overfit Gap:   0.1621

[2025-10-15 15:47:48] Epoch 31/50 | Batch 0/573 | Loss: 0.9827
[2025-10-15 15:47:48] Epoch 31/50 | Batch 50/573 | Loss: 0.2710
[2025-10-15 15:47:48] Epoch 31/50 | Batch 100/573 | Loss: 5.2349
[2025-10-15 15:47:48] Epoch 31/50 | Batch 150/573 | Loss: 3.1365
[2025-10-15 15:47:49] Epoch 31/50 | Batch 200/573 | Loss: 2.3108
[2025-10-15 15:47:49] Epoch 31/50 | Batch 250/573 | Loss: 1.3782
[2025-10-15 15:47:49] Epoch 31/50 | Batch 300/573 | Loss: 1.3786
[2025-10-15 15:47:49] Epoch 31/50 | Batch 350/573 | Loss: 4.5104
[2025-10-15 15:47:49] Epoch 31/50 | Batch 400/573 | Loss: 0.5928
[2025-10-15 15:47:49] Epoch 31/50 | Batch 450/573 | Loss: 1.4015
[2025-10-15 15:47:49] Epoch 31/50 | Batch 500/573 | Loss: 1.5438
[2025-10-15 15:47:49] Epoch 31/50 | Batch 550/573 | Loss: 3.4884
[2025-10-15 15:47:50] 
Epoch 31/50 completed in 1.6s
  Train Loss:    2.3547
  Train Hit@1:   0.3351
  Val Loss:      3.0482
  Val Hit@1:     0.1765
  Val Hit@3:     0.3529
  Val Hit@10:    0.7794
  Val MRR:       0.3465
  Overfit Gap:   0.1586

[2025-10-15 15:47:50] Epoch 32/50 | Batch 0/573 | Loss: 3.7925
[2025-10-15 15:47:50] Epoch 32/50 | Batch 50/573 | Loss: 0.7254
[2025-10-15 15:47:50] Epoch 32/50 | Batch 100/573 | Loss: 1.5850
[2025-10-15 15:47:50] Epoch 32/50 | Batch 150/573 | Loss: 1.0745
[2025-10-15 15:47:50] Epoch 32/50 | Batch 200/573 | Loss: 1.8223
[2025-10-15 15:47:50] Epoch 32/50 | Batch 250/573 | Loss: 0.2147
[2025-10-15 15:47:50] Epoch 32/50 | Batch 300/573 | Loss: 2.8173
[2025-10-15 15:47:50] Epoch 32/50 | Batch 350/573 | Loss: 1.3675
[2025-10-15 15:47:50] Epoch 32/50 | Batch 400/573 | Loss: 1.1560
[2025-10-15 15:47:50] Epoch 32/50 | Batch 450/573 | Loss: 0.7641
[2025-10-15 15:47:51] Epoch 32/50 | Batch 500/573 | Loss: 1.5854
[2025-10-15 15:47:51] Epoch 32/50 | Batch 550/573 | Loss: 2.0074
[2025-10-15 15:47:51] 
Epoch 32/50 completed in 1.5s
  Train Loss:    2.3743
  Train Hit@1:   0.3543
  Val Loss:      2.9812
  Val Hit@1:     0.1618
  Val Hit@3:     0.3824
  Val Hit@10:    0.7941
  Val MRR:       0.3388
  Overfit Gap:   0.1925

[2025-10-15 15:47:51] Epoch 33/50 | Batch 0/573 | Loss: 3.4432
[2025-10-15 15:47:51] Epoch 33/50 | Batch 50/573 | Loss: 4.0368
[2025-10-15 15:47:51] Epoch 33/50 | Batch 100/573 | Loss: 1.9988
[2025-10-15 15:47:52] Epoch 33/50 | Batch 150/573 | Loss: 2.4998
[2025-10-15 15:47:52] Epoch 33/50 | Batch 200/573 | Loss: 0.6629
[2025-10-15 15:47:52] Epoch 33/50 | Batch 250/573 | Loss: 2.1271
[2025-10-15 15:47:52] Epoch 33/50 | Batch 300/573 | Loss: 2.7013
[2025-10-15 15:47:52] Epoch 33/50 | Batch 350/573 | Loss: 0.7569
[2025-10-15 15:47:52] Epoch 33/50 | Batch 400/573 | Loss: 0.3205
[2025-10-15 15:47:52] Epoch 33/50 | Batch 450/573 | Loss: 0.7388
[2025-10-15 15:47:52] Epoch 33/50 | Batch 500/573 | Loss: 0.4357
[2025-10-15 15:47:52] Epoch 33/50 | Batch 550/573 | Loss: 4.1394
[2025-10-15 15:47:53] 
Epoch 33/50 completed in 1.5s
  Train Loss:    2.3619
  Train Hit@1:   0.3473
  Val Loss:      3.0601
  Val Hit@1:     0.1471
  Val Hit@3:     0.3529
  Val Hit@10:    0.7941
  Val MRR:       0.3287
  Overfit Gap:   0.2002

[2025-10-15 15:47:53] Early stopping triggered after 33 epochs
[2025-10-15 15:47:53] 
================================================================================
[2025-10-15 15:47:53] Running final test evaluation...
[2025-10-15 15:47:53] ================================================================================

[2025-10-15 15:47:53] 
FINAL TEST RESULTS:
  Test Loss:   3.4019
  Test Hit@1:  0.1341
  Test Hit@3:  0.2561
  Test Hit@10: 0.6220
  Test MRR:    0.2694
  Test Samples: 82

[2025-10-15 15:47:53] 
Training complete! Results saved to: experiments/phase1_baseline_gcn_20251015_154700
