[2025-10-15 15:21:03] Starting Phase 1 training: phase1_standard_20251015_152100
[2025-10-15 15:21:03] Configuration: {
  "json_dir": "data_processed/phase1_standard_20251015_152100",
  "spectral_dir": "data_processed/phase1_standard_20251015_152100/spectral",
  "val_fraction": 0.1,
  "test_fraction": 0.1,
  "hidden_dim": 64,
  "num_layers": 2,
  "dropout": 0.3,
  "epochs": 50,
  "batch_size": 1,
  "lr": 0.0005,
  "weight_decay": 0.0001,
  "grad_clip": 0.5,
  "patience": 10,
  "exp_name": "phase1_standard_20251015_152100",
  "log_dir": "experiments",
  "device": "mps",
  "seed": 42
}
[2025-10-15 15:21:03] Using device: mps
[2025-10-15 15:21:03] Loading datasets...
[2025-10-15 15:21:03] Found 451 JSON files
[2025-10-15 15:21:03] Data split: 361 train, 45 val, 45 test
[2025-10-15 15:21:03] Dataset sizes: 555 train samples, 62 val, 72 test
[2025-10-15 15:21:03] Input features dimension: 19
[2025-10-15 15:21:03] Model parameters: 5,505
[2025-10-15 15:21:03] 
================================================================================
[2025-10-15 15:21:03] Starting training...
[2025-10-15 15:21:03] ================================================================================

[2025-10-15 15:21:03] Epoch 1/50 | Batch 0/555 | Loss: 2.6169
[2025-10-15 15:21:05] Epoch 1/50 | Batch 50/555 | Loss: 3.3393
[2025-10-15 15:21:07] Epoch 1/50 | Batch 100/555 | Loss: 4.3957
[2025-10-15 15:21:08] Epoch 1/50 | Batch 150/555 | Loss: 4.4429
[2025-10-15 15:21:10] Epoch 1/50 | Batch 200/555 | Loss: 3.2890
[2025-10-15 15:21:11] Epoch 1/50 | Batch 250/555 | Loss: 3.8038
[2025-10-15 15:21:12] Epoch 1/50 | Batch 300/555 | Loss: 3.4412
[2025-10-15 15:21:13] Epoch 1/50 | Batch 350/555 | Loss: 4.1817
[2025-10-15 15:21:14] Epoch 1/50 | Batch 400/555 | Loss: 3.3182
[2025-10-15 15:21:15] Epoch 1/50 | Batch 450/555 | Loss: 4.5154
[2025-10-15 15:21:15] Epoch 1/50 | Batch 500/555 | Loss: 4.8842
[2025-10-15 15:21:16] Epoch 1/50 | Batch 550/555 | Loss: 3.6288
